CRITICAL - 2022-05-18 04:11:36 --> file_get_contents(https://test-brandztory.myshopify.com/admin/api/2021-01/products.json): failed to open stream: HTTP request failed! HTTP/1.1 401 Unauthorized

#0 [internal function]: CodeIgniter\Debug\Exceptions->errorHandler()
#1 C:\newproject\non-project\ci4 testing\app\Controllers\Json.php(52): file_get_contents()
#2 C:\newproject\non-project\ci4 testing\system\CodeIgniter.php(824): App\Controllers\Json->index()
#3 C:\newproject\non-project\ci4 testing\system\CodeIgniter.php(410): CodeIgniter\CodeIgniter->runController()
#4 C:\newproject\non-project\ci4 testing\system\CodeIgniter.php(318): CodeIgniter\CodeIgniter->handleRequest()
#5 C:\newproject\non-project\ci4 testing\public\index.php(37): CodeIgniter\CodeIgniter->run()
#6 C:\newproject\non-project\ci4 testing\system\Commands\Server\rewrite.php(43): require_once('C:\\newproject\\n...')
#7 {main}
CRITICAL - 2022-05-18 04:12:19 --> syntax error, unexpected '}', expecting end of file
#0 C:\newproject\non-project\ci4 testing\system\Router\Router.php(176): CodeIgniter\Router\Router->autoRoute()
#1 C:\newproject\non-project\ci4 testing\system\CodeIgniter.php(718): CodeIgniter\Router\Router->handle()
#2 C:\newproject\non-project\ci4 testing\system\CodeIgniter.php(359): CodeIgniter\CodeIgniter->tryToRouteIt()
#3 C:\newproject\non-project\ci4 testing\system\CodeIgniter.php(318): CodeIgniter\CodeIgniter->handleRequest()
#4 C:\newproject\non-project\ci4 testing\public\index.php(37): CodeIgniter\CodeIgniter->run()
#5 C:\newproject\non-project\ci4 testing\system\Commands\Server\rewrite.php(43): require_once('C:\\newproject\\n...')
#6 {main}
CRITICAL - 2022-05-18 04:12:21 --> syntax error, unexpected '}', expecting end of file
#0 C:\newproject\non-project\ci4 testing\system\Router\Router.php(176): CodeIgniter\Router\Router->autoRoute()
#1 C:\newproject\non-project\ci4 testing\system\CodeIgniter.php(718): CodeIgniter\Router\Router->handle()
#2 C:\newproject\non-project\ci4 testing\system\CodeIgniter.php(359): CodeIgniter\CodeIgniter->tryToRouteIt()
#3 C:\newproject\non-project\ci4 testing\system\CodeIgniter.php(318): CodeIgniter\CodeIgniter->handleRequest()
#4 C:\newproject\non-project\ci4 testing\public\index.php(37): CodeIgniter\CodeIgniter->run()
#5 C:\newproject\non-project\ci4 testing\system\Commands\Server\rewrite.php(43): require_once('C:\\newproject\\n...')
#6 {main}
CRITICAL - 2022-05-18 04:12:24 --> Undefined variable: test
#0 C:\newproject\non-project\ci4 testing\app\Controllers\Json.php(33): CodeIgniter\Debug\Exceptions->errorHandler()
#1 C:\newproject\non-project\ci4 testing\system\CodeIgniter.php(824): App\Controllers\Json->index()
#2 C:\newproject\non-project\ci4 testing\system\CodeIgniter.php(410): CodeIgniter\CodeIgniter->runController()
#3 C:\newproject\non-project\ci4 testing\system\CodeIgniter.php(318): CodeIgniter\CodeIgniter->handleRequest()
#4 C:\newproject\non-project\ci4 testing\public\index.php(37): CodeIgniter\CodeIgniter->run()
#5 C:\newproject\non-project\ci4 testing\system\Commands\Server\rewrite.php(43): require_once('C:\\newproject\\n...')
#6 {main}
CRITICAL - 2022-05-18 04:57:30 --> Use of undefined constant console - assumed 'console' (this will throw an Error in a future version of PHP)
#0 C:\newproject\non-project\ci4 testing\app\Controllers\Json.php(62): CodeIgniter\Debug\Exceptions->errorHandler()
#1 C:\newproject\non-project\ci4 testing\system\CodeIgniter.php(824): App\Controllers\Json->index()
#2 C:\newproject\non-project\ci4 testing\system\CodeIgniter.php(410): CodeIgniter\CodeIgniter->runController()
#3 C:\newproject\non-project\ci4 testing\system\CodeIgniter.php(318): CodeIgniter\CodeIgniter->handleRequest()
#4 C:\newproject\non-project\ci4 testing\public\index.php(37): CodeIgniter\CodeIgniter->run()
#5 C:\newproject\non-project\ci4 testing\system\Commands\Server\rewrite.php(43): require_once('C:\\newproject\\n...')
#6 {main}
CRITICAL - 2022-05-18 04:58:20 --> Call to undefined function App\Controllers\debug_to_console()
#0 C:\newproject\non-project\ci4 testing\system\CodeIgniter.php(824): App\Controllers\Json->index()
#1 C:\newproject\non-project\ci4 testing\system\CodeIgniter.php(410): CodeIgniter\CodeIgniter->runController()
#2 C:\newproject\non-project\ci4 testing\system\CodeIgniter.php(318): CodeIgniter\CodeIgniter->handleRequest()
#3 C:\newproject\non-project\ci4 testing\public\index.php(37): CodeIgniter\CodeIgniter->run()
#4 C:\newproject\non-project\ci4 testing\system\Commands\Server\rewrite.php(43): require_once('C:\\newproject\\n...')
#5 {main}
CRITICAL - 2022-05-18 05:01:43 --> Undefined variable: hash
#0 C:\newproject\non-project\ci4 testing\app\Controllers\Json.php(67): CodeIgniter\Debug\Exceptions->errorHandler()
#1 C:\newproject\non-project\ci4 testing\system\Router\Router.php(519): include_once('C:\\newproject\\n...')
#2 C:\newproject\non-project\ci4 testing\system\Router\Router.php(176): CodeIgniter\Router\Router->autoRoute()
#3 C:\newproject\non-project\ci4 testing\system\CodeIgniter.php(718): CodeIgniter\Router\Router->handle()
#4 C:\newproject\non-project\ci4 testing\system\CodeIgniter.php(359): CodeIgniter\CodeIgniter->tryToRouteIt()
#5 C:\newproject\non-project\ci4 testing\system\CodeIgniter.php(318): CodeIgniter\CodeIgniter->handleRequest()
#6 C:\newproject\non-project\ci4 testing\public\index.php(37): CodeIgniter\CodeIgniter->run()
#7 C:\newproject\non-project\ci4 testing\system\Commands\Server\rewrite.php(43): require_once('C:\\newproject\\n...')
#8 {main}
CRITICAL - 2022-05-18 05:01:58 --> Undefined variable: hash
#0 C:\newproject\non-project\ci4 testing\app\Controllers\Json.php(67): CodeIgniter\Debug\Exceptions->errorHandler()
#1 C:\newproject\non-project\ci4 testing\system\Router\Router.php(519): include_once('C:\\newproject\\n...')
#2 C:\newproject\non-project\ci4 testing\system\Router\Router.php(176): CodeIgniter\Router\Router->autoRoute()
#3 C:\newproject\non-project\ci4 testing\system\CodeIgniter.php(718): CodeIgniter\Router\Router->handle()
#4 C:\newproject\non-project\ci4 testing\system\CodeIgniter.php(359): CodeIgniter\CodeIgniter->tryToRouteIt()
#5 C:\newproject\non-project\ci4 testing\system\CodeIgniter.php(318): CodeIgniter\CodeIgniter->handleRequest()
#6 C:\newproject\non-project\ci4 testing\public\index.php(37): CodeIgniter\CodeIgniter->run()
#7 C:\newproject\non-project\ci4 testing\system\Commands\Server\rewrite.php(43): require_once('C:\\newproject\\n...')
#8 {main}
CRITICAL - 2022-05-18 05:02:06 --> Undefined variable: hash
#0 C:\newproject\non-project\ci4 testing\app\Controllers\Json.php(67): CodeIgniter\Debug\Exceptions->errorHandler()
#1 C:\newproject\non-project\ci4 testing\system\Router\Router.php(519): include_once('C:\\newproject\\n...')
#2 C:\newproject\non-project\ci4 testing\system\Router\Router.php(176): CodeIgniter\Router\Router->autoRoute()
#3 C:\newproject\non-project\ci4 testing\system\CodeIgniter.php(718): CodeIgniter\Router\Router->handle()
#4 C:\newproject\non-project\ci4 testing\system\CodeIgniter.php(359): CodeIgniter\CodeIgniter->tryToRouteIt()
#5 C:\newproject\non-project\ci4 testing\system\CodeIgniter.php(318): CodeIgniter\CodeIgniter->handleRequest()
#6 C:\newproject\non-project\ci4 testing\public\index.php(37): CodeIgniter\CodeIgniter->run()
#7 C:\newproject\non-project\ci4 testing\system\Commands\Server\rewrite.php(43): require_once('C:\\newproject\\n...')
#8 {main}
CRITICAL - 2022-05-18 05:02:11 --> Undefined variable: hash
#0 C:\newproject\non-project\ci4 testing\app\Controllers\Json.php(67): CodeIgniter\Debug\Exceptions->errorHandler()
#1 C:\newproject\non-project\ci4 testing\system\Router\Router.php(519): include_once('C:\\newproject\\n...')
#2 C:\newproject\non-project\ci4 testing\system\Router\Router.php(176): CodeIgniter\Router\Router->autoRoute()
#3 C:\newproject\non-project\ci4 testing\system\CodeIgniter.php(718): CodeIgniter\Router\Router->handle()
#4 C:\newproject\non-project\ci4 testing\system\CodeIgniter.php(359): CodeIgniter\CodeIgniter->tryToRouteIt()
#5 C:\newproject\non-project\ci4 testing\system\CodeIgniter.php(318): CodeIgniter\CodeIgniter->handleRequest()
#6 C:\newproject\non-project\ci4 testing\public\index.php(37): CodeIgniter\CodeIgniter->run()
#7 C:\newproject\non-project\ci4 testing\system\Commands\Server\rewrite.php(43): require_once('C:\\newproject\\n...')
#8 {main}
CRITICAL - 2022-05-18 05:03:07 --> Use of undefined constant console - assumed 'console' (this will throw an Error in a future version of PHP)
#0 C:\newproject\non-project\ci4 testing\app\Controllers\Json.php(62): CodeIgniter\Debug\Exceptions->errorHandler()
#1 C:\newproject\non-project\ci4 testing\system\CodeIgniter.php(824): App\Controllers\Json->index()
#2 C:\newproject\non-project\ci4 testing\system\CodeIgniter.php(410): CodeIgniter\CodeIgniter->runController()
#3 C:\newproject\non-project\ci4 testing\system\CodeIgniter.php(318): CodeIgniter\CodeIgniter->handleRequest()
#4 C:\newproject\non-project\ci4 testing\public\index.php(37): CodeIgniter\CodeIgniter->run()
#5 C:\newproject\non-project\ci4 testing\system\Commands\Server\rewrite.php(43): require_once('C:\\newproject\\n...')
#6 {main}
CRITICAL - 2022-05-18 05:03:26 --> Call to undefined function App\Controllers\console_log()
#0 C:\newproject\non-project\ci4 testing\system\CodeIgniter.php(824): App\Controllers\Json->index()
#1 C:\newproject\non-project\ci4 testing\system\CodeIgniter.php(410): CodeIgniter\CodeIgniter->runController()
#2 C:\newproject\non-project\ci4 testing\system\CodeIgniter.php(318): CodeIgniter\CodeIgniter->handleRequest()
#3 C:\newproject\non-project\ci4 testing\public\index.php(37): CodeIgniter\CodeIgniter->run()
#4 C:\newproject\non-project\ci4 testing\system\Commands\Server\rewrite.php(43): require_once('C:\\newproject\\n...')
#5 {main}
CRITICAL - 2022-05-18 05:12:49 --> file_get_contents(https://dummyapi.io/data/v1/): failed to open stream: HTTP request failed! HTTP/1.1 403 Forbidden

#0 [internal function]: CodeIgniter\Debug\Exceptions->errorHandler()
#1 C:\newproject\non-project\ci4 testing\app\Controllers\Json.php(52): file_get_contents()
#2 C:\newproject\non-project\ci4 testing\system\CodeIgniter.php(824): App\Controllers\Json->index()
#3 C:\newproject\non-project\ci4 testing\system\CodeIgniter.php(410): CodeIgniter\CodeIgniter->runController()
#4 C:\newproject\non-project\ci4 testing\system\CodeIgniter.php(318): CodeIgniter\CodeIgniter->handleRequest()
#5 C:\newproject\non-project\ci4 testing\public\index.php(37): CodeIgniter\CodeIgniter->run()
#6 C:\newproject\non-project\ci4 testing\system\Commands\Server\rewrite.php(43): require_once('C:\\newproject\\n...')
#7 {main}
CRITICAL - 2022-05-18 05:13:09 --> file_get_contents(https://dummyapi.io/data/v1/): failed to open stream: HTTP request failed! HTTP/1.1 403 Forbidden

#0 [internal function]: CodeIgniter\Debug\Exceptions->errorHandler()
#1 C:\newproject\non-project\ci4 testing\app\Controllers\Json.php(52): file_get_contents()
#2 C:\newproject\non-project\ci4 testing\system\CodeIgniter.php(824): App\Controllers\Json->index()
#3 C:\newproject\non-project\ci4 testing\system\CodeIgniter.php(410): CodeIgniter\CodeIgniter->runController()
#4 C:\newproject\non-project\ci4 testing\system\CodeIgniter.php(318): CodeIgniter\CodeIgniter->handleRequest()
#5 C:\newproject\non-project\ci4 testing\public\index.php(37): CodeIgniter\CodeIgniter->run()
#6 C:\newproject\non-project\ci4 testing\system\Commands\Server\rewrite.php(43): require_once('C:\\newproject\\n...')
#7 {main}
CRITICAL - 2022-05-18 05:13:23 --> file_get_contents(https://dummyapi.io/data/v1/): failed to open stream: HTTP request failed! HTTP/1.1 403 Forbidden

#0 [internal function]: CodeIgniter\Debug\Exceptions->errorHandler()
#1 C:\newproject\non-project\ci4 testing\app\Controllers\Json.php(52): file_get_contents()
#2 C:\newproject\non-project\ci4 testing\system\CodeIgniter.php(824): App\Controllers\Json->index()
#3 C:\newproject\non-project\ci4 testing\system\CodeIgniter.php(410): CodeIgniter\CodeIgniter->runController()
#4 C:\newproject\non-project\ci4 testing\system\CodeIgniter.php(318): CodeIgniter\CodeIgniter->handleRequest()
#5 C:\newproject\non-project\ci4 testing\public\index.php(37): CodeIgniter\CodeIgniter->run()
#6 C:\newproject\non-project\ci4 testing\system\Commands\Server\rewrite.php(43): require_once('C:\\newproject\\n...')
#7 {main}
CRITICAL - 2022-05-18 05:13:25 --> file_get_contents(https://dummyapi.io/data/v1/): failed to open stream: HTTP request failed! HTTP/1.1 403 Forbidden

#0 [internal function]: CodeIgniter\Debug\Exceptions->errorHandler()
#1 C:\newproject\non-project\ci4 testing\app\Controllers\Json.php(52): file_get_contents()
#2 C:\newproject\non-project\ci4 testing\system\CodeIgniter.php(824): App\Controllers\Json->index()
#3 C:\newproject\non-project\ci4 testing\system\CodeIgniter.php(410): CodeIgniter\CodeIgniter->runController()
#4 C:\newproject\non-project\ci4 testing\system\CodeIgniter.php(318): CodeIgniter\CodeIgniter->handleRequest()
#5 C:\newproject\non-project\ci4 testing\public\index.php(37): CodeIgniter\CodeIgniter->run()
#6 C:\newproject\non-project\ci4 testing\system\Commands\Server\rewrite.php(43): require_once('C:\\newproject\\n...')
#7 {main}
CRITICAL - 2022-05-18 05:13:56 --> file_get_contents(https://dummyapi.io/data/v1/): failed to open stream: HTTP request failed! HTTP/1.1 403 Forbidden

#0 [internal function]: CodeIgniter\Debug\Exceptions->errorHandler()
#1 C:\newproject\non-project\ci4 testing\app\Controllers\Json.php(52): file_get_contents()
#2 C:\newproject\non-project\ci4 testing\system\CodeIgniter.php(824): App\Controllers\Json->index()
#3 C:\newproject\non-project\ci4 testing\system\CodeIgniter.php(410): CodeIgniter\CodeIgniter->runController()
#4 C:\newproject\non-project\ci4 testing\system\CodeIgniter.php(318): CodeIgniter\CodeIgniter->handleRequest()
#5 C:\newproject\non-project\ci4 testing\public\index.php(37): CodeIgniter\CodeIgniter->run()
#6 C:\newproject\non-project\ci4 testing\system\Commands\Server\rewrite.php(43): require_once('C:\\newproject\\n...')
#7 {main}
CRITICAL - 2022-05-18 05:14:28 --> file_get_contents(https://dummyapi.io/data/v1/): failed to open stream: HTTP request failed! HTTP/1.1 403 Forbidden

#0 [internal function]: CodeIgniter\Debug\Exceptions->errorHandler()
#1 C:\newproject\non-project\ci4 testing\app\Controllers\Json.php(52): file_get_contents()
#2 C:\newproject\non-project\ci4 testing\system\CodeIgniter.php(824): App\Controllers\Json->index()
#3 C:\newproject\non-project\ci4 testing\system\CodeIgniter.php(410): CodeIgniter\CodeIgniter->runController()
#4 C:\newproject\non-project\ci4 testing\system\CodeIgniter.php(318): CodeIgniter\CodeIgniter->handleRequest()
#5 C:\newproject\non-project\ci4 testing\public\index.php(37): CodeIgniter\CodeIgniter->run()
#6 C:\newproject\non-project\ci4 testing\system\Commands\Server\rewrite.php(43): require_once('C:\\newproject\\n...')
#7 {main}
CRITICAL - 2022-05-18 05:14:40 --> file_get_contents(https://dummyapi.io/data/v1): failed to open stream: HTTP request failed! HTTP/1.1 404 Not Found

#0 [internal function]: CodeIgniter\Debug\Exceptions->errorHandler()
#1 C:\newproject\non-project\ci4 testing\app\Controllers\Json.php(52): file_get_contents()
#2 C:\newproject\non-project\ci4 testing\system\CodeIgniter.php(824): App\Controllers\Json->index()
#3 C:\newproject\non-project\ci4 testing\system\CodeIgniter.php(410): CodeIgniter\CodeIgniter->runController()
#4 C:\newproject\non-project\ci4 testing\system\CodeIgniter.php(318): CodeIgniter\CodeIgniter->handleRequest()
#5 C:\newproject\non-project\ci4 testing\public\index.php(37): CodeIgniter\CodeIgniter->run()
#6 C:\newproject\non-project\ci4 testing\system\Commands\Server\rewrite.php(43): require_once('C:\\newproject\\n...')
#7 {main}
CRITICAL - 2022-05-18 05:14:59 --> file_get_contents(https://dummyapi.io/data/v1): failed to open stream: HTTP request failed! HTTP/1.1 404 Not Found

#0 [internal function]: CodeIgniter\Debug\Exceptions->errorHandler()
#1 C:\newproject\non-project\ci4 testing\app\Controllers\Json.php(52): file_get_contents()
#2 C:\newproject\non-project\ci4 testing\system\CodeIgniter.php(824): App\Controllers\Json->index()
#3 C:\newproject\non-project\ci4 testing\system\CodeIgniter.php(410): CodeIgniter\CodeIgniter->runController()
#4 C:\newproject\non-project\ci4 testing\system\CodeIgniter.php(318): CodeIgniter\CodeIgniter->handleRequest()
#5 C:\newproject\non-project\ci4 testing\public\index.php(37): CodeIgniter\CodeIgniter->run()
#6 C:\newproject\non-project\ci4 testing\system\Commands\Server\rewrite.php(43): require_once('C:\\newproject\\n...')
#7 {main}
CRITICAL - 2022-05-18 05:15:41 --> file_get_contents(https://dummyapi.io/data/v1): failed to open stream: HTTP request failed! HTTP/1.1 404 Not Found

#0 [internal function]: CodeIgniter\Debug\Exceptions->errorHandler()
#1 C:\newproject\non-project\ci4 testing\app\Controllers\Json.php(51): file_get_contents()
#2 C:\newproject\non-project\ci4 testing\system\CodeIgniter.php(824): App\Controllers\Json->index()
#3 C:\newproject\non-project\ci4 testing\system\CodeIgniter.php(410): CodeIgniter\CodeIgniter->runController()
#4 C:\newproject\non-project\ci4 testing\system\CodeIgniter.php(318): CodeIgniter\CodeIgniter->handleRequest()
#5 C:\newproject\non-project\ci4 testing\public\index.php(37): CodeIgniter\CodeIgniter->run()
#6 C:\newproject\non-project\ci4 testing\system\Commands\Server\rewrite.php(43): require_once('C:\\newproject\\n...')
#7 {main}
CRITICAL - 2022-05-18 05:16:49 --> syntax error, unexpected 'echo' (T_ECHO)
#0 C:\newproject\non-project\ci4 testing\system\Router\Router.php(176): CodeIgniter\Router\Router->autoRoute()
#1 C:\newproject\non-project\ci4 testing\system\CodeIgniter.php(718): CodeIgniter\Router\Router->handle()
#2 C:\newproject\non-project\ci4 testing\system\CodeIgniter.php(359): CodeIgniter\CodeIgniter->tryToRouteIt()
#3 C:\newproject\non-project\ci4 testing\system\CodeIgniter.php(318): CodeIgniter\CodeIgniter->handleRequest()
#4 C:\newproject\non-project\ci4 testing\public\index.php(37): CodeIgniter\CodeIgniter->run()
#5 C:\newproject\non-project\ci4 testing\system\Commands\Server\rewrite.php(43): require_once('C:\\newproject\\n...')
#6 {main}
CRITICAL - 2022-05-18 05:16:50 --> syntax error, unexpected 'echo' (T_ECHO)
#0 C:\newproject\non-project\ci4 testing\system\Router\Router.php(176): CodeIgniter\Router\Router->autoRoute()
#1 C:\newproject\non-project\ci4 testing\system\CodeIgniter.php(718): CodeIgniter\Router\Router->handle()
#2 C:\newproject\non-project\ci4 testing\system\CodeIgniter.php(359): CodeIgniter\CodeIgniter->tryToRouteIt()
#3 C:\newproject\non-project\ci4 testing\system\CodeIgniter.php(318): CodeIgniter\CodeIgniter->handleRequest()
#4 C:\newproject\non-project\ci4 testing\public\index.php(37): CodeIgniter\CodeIgniter->run()
#5 C:\newproject\non-project\ci4 testing\system\Commands\Server\rewrite.php(43): require_once('C:\\newproject\\n...')
#6 {main}
CRITICAL - 2022-05-18 05:17:00 --> file_get_contents(https://dummyapi.io/data/v1): failed to open stream: HTTP request failed! HTTP/1.1 404 Not Found

#0 [internal function]: CodeIgniter\Debug\Exceptions->errorHandler()
#1 C:\newproject\non-project\ci4 testing\app\Controllers\Json.php(51): file_get_contents()
#2 C:\newproject\non-project\ci4 testing\system\CodeIgniter.php(824): App\Controllers\Json->index()
#3 C:\newproject\non-project\ci4 testing\system\CodeIgniter.php(410): CodeIgniter\CodeIgniter->runController()
#4 C:\newproject\non-project\ci4 testing\system\CodeIgniter.php(318): CodeIgniter\CodeIgniter->handleRequest()
#5 C:\newproject\non-project\ci4 testing\public\index.php(37): CodeIgniter\CodeIgniter->run()
#6 C:\newproject\non-project\ci4 testing\system\Commands\Server\rewrite.php(43): require_once('C:\\newproject\\n...')
#7 {main}
CRITICAL - 2022-05-18 05:17:28 --> file_get_contents(https://dummyapi.io/data/v1): failed to open stream: HTTP request failed! HTTP/1.1 404 Not Found

#0 [internal function]: CodeIgniter\Debug\Exceptions->errorHandler()
#1 C:\newproject\non-project\ci4 testing\app\Controllers\Json.php(51): file_get_contents()
#2 C:\newproject\non-project\ci4 testing\system\CodeIgniter.php(824): App\Controllers\Json->index()
#3 C:\newproject\non-project\ci4 testing\system\CodeIgniter.php(410): CodeIgniter\CodeIgniter->runController()
#4 C:\newproject\non-project\ci4 testing\system\CodeIgniter.php(318): CodeIgniter\CodeIgniter->handleRequest()
#5 C:\newproject\non-project\ci4 testing\public\index.php(37): CodeIgniter\CodeIgniter->run()
#6 C:\newproject\non-project\ci4 testing\system\Commands\Server\rewrite.php(43): require_once('C:\\newproject\\n...')
#7 {main}
CRITICAL - 2022-05-18 05:19:16 --> file_get_contents(https://dummyapi.io/data/v1): failed to open stream: HTTP request failed! HTTP/1.1 404 Not Found

#0 [internal function]: CodeIgniter\Debug\Exceptions->errorHandler()
#1 C:\newproject\non-project\ci4 testing\app\Controllers\Json.php(52): file_get_contents()
#2 C:\newproject\non-project\ci4 testing\system\CodeIgniter.php(824): App\Controllers\Json->index()
#3 C:\newproject\non-project\ci4 testing\system\CodeIgniter.php(410): CodeIgniter\CodeIgniter->runController()
#4 C:\newproject\non-project\ci4 testing\system\CodeIgniter.php(318): CodeIgniter\CodeIgniter->handleRequest()
#5 C:\newproject\non-project\ci4 testing\public\index.php(37): CodeIgniter\CodeIgniter->run()
#6 C:\newproject\non-project\ci4 testing\system\Commands\Server\rewrite.php(43): require_once('C:\\newproject\\n...')
#7 {main}
CRITICAL - 2022-05-18 05:19:18 --> file_get_contents(https://dummyapi.io/data/v1): failed to open stream: HTTP request failed! HTTP/1.1 404 Not Found

#0 [internal function]: CodeIgniter\Debug\Exceptions->errorHandler()
#1 C:\newproject\non-project\ci4 testing\app\Controllers\Json.php(52): file_get_contents()
#2 C:\newproject\non-project\ci4 testing\system\CodeIgniter.php(824): App\Controllers\Json->index()
#3 C:\newproject\non-project\ci4 testing\system\CodeIgniter.php(410): CodeIgniter\CodeIgniter->runController()
#4 C:\newproject\non-project\ci4 testing\system\CodeIgniter.php(318): CodeIgniter\CodeIgniter->handleRequest()
#5 C:\newproject\non-project\ci4 testing\public\index.php(37): CodeIgniter\CodeIgniter->run()
#6 C:\newproject\non-project\ci4 testing\system\Commands\Server\rewrite.php(43): require_once('C:\\newproject\\n...')
#7 {main}
CRITICAL - 2022-05-18 05:19:19 --> file_get_contents(https://dummyapi.io/data/v1): failed to open stream: HTTP request failed! HTTP/1.1 404 Not Found

#0 [internal function]: CodeIgniter\Debug\Exceptions->errorHandler()
#1 C:\newproject\non-project\ci4 testing\app\Controllers\Json.php(52): file_get_contents()
#2 C:\newproject\non-project\ci4 testing\system\CodeIgniter.php(824): App\Controllers\Json->index()
#3 C:\newproject\non-project\ci4 testing\system\CodeIgniter.php(410): CodeIgniter\CodeIgniter->runController()
#4 C:\newproject\non-project\ci4 testing\system\CodeIgniter.php(318): CodeIgniter\CodeIgniter->handleRequest()
#5 C:\newproject\non-project\ci4 testing\public\index.php(37): CodeIgniter\CodeIgniter->run()
#6 C:\newproject\non-project\ci4 testing\system\Commands\Server\rewrite.php(43): require_once('C:\\newproject\\n...')
#7 {main}
CRITICAL - 2022-05-18 05:19:19 --> file_get_contents(https://dummyapi.io/data/v1): failed to open stream: HTTP request failed! HTTP/1.1 404 Not Found

#0 [internal function]: CodeIgniter\Debug\Exceptions->errorHandler()
#1 C:\newproject\non-project\ci4 testing\app\Controllers\Json.php(52): file_get_contents()
#2 C:\newproject\non-project\ci4 testing\system\CodeIgniter.php(824): App\Controllers\Json->index()
#3 C:\newproject\non-project\ci4 testing\system\CodeIgniter.php(410): CodeIgniter\CodeIgniter->runController()
#4 C:\newproject\non-project\ci4 testing\system\CodeIgniter.php(318): CodeIgniter\CodeIgniter->handleRequest()
#5 C:\newproject\non-project\ci4 testing\public\index.php(37): CodeIgniter\CodeIgniter->run()
#6 C:\newproject\non-project\ci4 testing\system\Commands\Server\rewrite.php(43): require_once('C:\\newproject\\n...')
#7 {main}
CRITICAL - 2022-05-18 05:19:20 --> file_get_contents(https://dummyapi.io/data/v1): failed to open stream: HTTP request failed! HTTP/1.1 404 Not Found

#0 [internal function]: CodeIgniter\Debug\Exceptions->errorHandler()
#1 C:\newproject\non-project\ci4 testing\app\Controllers\Json.php(52): file_get_contents()
#2 C:\newproject\non-project\ci4 testing\system\CodeIgniter.php(824): App\Controllers\Json->index()
#3 C:\newproject\non-project\ci4 testing\system\CodeIgniter.php(410): CodeIgniter\CodeIgniter->runController()
#4 C:\newproject\non-project\ci4 testing\system\CodeIgniter.php(318): CodeIgniter\CodeIgniter->handleRequest()
#5 C:\newproject\non-project\ci4 testing\public\index.php(37): CodeIgniter\CodeIgniter->run()
#6 C:\newproject\non-project\ci4 testing\system\Commands\Server\rewrite.php(43): require_once('C:\\newproject\\n...')
#7 {main}
CRITICAL - 2022-05-18 05:19:32 --> file_get_contents(https://dummyapi.io/data/v1): failed to open stream: HTTP request failed! HTTP/1.1 404 Not Found

#0 [internal function]: CodeIgniter\Debug\Exceptions->errorHandler()
#1 C:\newproject\non-project\ci4 testing\app\Controllers\Json.php(52): file_get_contents()
#2 C:\newproject\non-project\ci4 testing\system\CodeIgniter.php(824): App\Controllers\Json->index()
#3 C:\newproject\non-project\ci4 testing\system\CodeIgniter.php(410): CodeIgniter\CodeIgniter->runController()
#4 C:\newproject\non-project\ci4 testing\system\CodeIgniter.php(318): CodeIgniter\CodeIgniter->handleRequest()
#5 C:\newproject\non-project\ci4 testing\public\index.php(37): CodeIgniter\CodeIgniter->run()
#6 C:\newproject\non-project\ci4 testing\system\Commands\Server\rewrite.php(43): require_once('C:\\newproject\\n...')
#7 {main}
CRITICAL - 2022-05-18 05:19:33 --> file_get_contents(https://dummyapi.io/data/v1): failed to open stream: HTTP request failed! HTTP/1.1 404 Not Found

#0 [internal function]: CodeIgniter\Debug\Exceptions->errorHandler()
#1 C:\newproject\non-project\ci4 testing\app\Controllers\Json.php(52): file_get_contents()
#2 C:\newproject\non-project\ci4 testing\system\CodeIgniter.php(824): App\Controllers\Json->index()
#3 C:\newproject\non-project\ci4 testing\system\CodeIgniter.php(410): CodeIgniter\CodeIgniter->runController()
#4 C:\newproject\non-project\ci4 testing\system\CodeIgniter.php(318): CodeIgniter\CodeIgniter->handleRequest()
#5 C:\newproject\non-project\ci4 testing\public\index.php(37): CodeIgniter\CodeIgniter->run()
#6 C:\newproject\non-project\ci4 testing\system\Commands\Server\rewrite.php(43): require_once('C:\\newproject\\n...')
#7 {main}
CRITICAL - 2022-05-18 05:19:35 --> file_get_contents(https://dummyapi.io/data/v1): failed to open stream: HTTP request failed! HTTP/1.1 404 Not Found

#0 [internal function]: CodeIgniter\Debug\Exceptions->errorHandler()
#1 C:\newproject\non-project\ci4 testing\app\Controllers\Json.php(52): file_get_contents()
#2 C:\newproject\non-project\ci4 testing\system\CodeIgniter.php(824): App\Controllers\Json->index()
#3 C:\newproject\non-project\ci4 testing\system\CodeIgniter.php(410): CodeIgniter\CodeIgniter->runController()
#4 C:\newproject\non-project\ci4 testing\system\CodeIgniter.php(318): CodeIgniter\CodeIgniter->handleRequest()
#5 C:\newproject\non-project\ci4 testing\public\index.php(37): CodeIgniter\CodeIgniter->run()
#6 C:\newproject\non-project\ci4 testing\system\Commands\Server\rewrite.php(43): require_once('C:\\newproject\\n...')
#7 {main}
CRITICAL - 2022-05-18 05:19:46 --> file_get_contents(https://dummyapi.io/data/v1/user?limit=10): failed to open stream: HTTP request failed! HTTP/1.1 403 Forbidden

#0 [internal function]: CodeIgniter\Debug\Exceptions->errorHandler()
#1 C:\newproject\non-project\ci4 testing\app\Controllers\Json.php(52): file_get_contents()
#2 C:\newproject\non-project\ci4 testing\system\CodeIgniter.php(824): App\Controllers\Json->index()
#3 C:\newproject\non-project\ci4 testing\system\CodeIgniter.php(410): CodeIgniter\CodeIgniter->runController()
#4 C:\newproject\non-project\ci4 testing\system\CodeIgniter.php(318): CodeIgniter\CodeIgniter->handleRequest()
#5 C:\newproject\non-project\ci4 testing\public\index.php(37): CodeIgniter\CodeIgniter->run()
#6 C:\newproject\non-project\ci4 testing\system\Commands\Server\rewrite.php(43): require_once('C:\\newproject\\n...')
#7 {main}
CRITICAL - 2022-05-18 05:19:48 --> file_get_contents(https://dummyapi.io/data/v1/user?limit=10): failed to open stream: HTTP request failed! HTTP/1.1 403 Forbidden

#0 [internal function]: CodeIgniter\Debug\Exceptions->errorHandler()
#1 C:\newproject\non-project\ci4 testing\app\Controllers\Json.php(52): file_get_contents()
#2 C:\newproject\non-project\ci4 testing\system\CodeIgniter.php(824): App\Controllers\Json->index()
#3 C:\newproject\non-project\ci4 testing\system\CodeIgniter.php(410): CodeIgniter\CodeIgniter->runController()
#4 C:\newproject\non-project\ci4 testing\system\CodeIgniter.php(318): CodeIgniter\CodeIgniter->handleRequest()
#5 C:\newproject\non-project\ci4 testing\public\index.php(37): CodeIgniter\CodeIgniter->run()
#6 C:\newproject\non-project\ci4 testing\system\Commands\Server\rewrite.php(43): require_once('C:\\newproject\\n...')
#7 {main}
CRITICAL - 2022-05-18 05:22:28 --> file_get_contents(https://dummyapi.io/data/v1/user?limit=10): failed to open stream: HTTP request failed! HTTP/1.1 403 Forbidden

#0 [internal function]: CodeIgniter\Debug\Exceptions->errorHandler()
#1 C:\newproject\non-project\ci4 testing\app\Controllers\Json.php(52): file_get_contents()
#2 C:\newproject\non-project\ci4 testing\system\CodeIgniter.php(824): App\Controllers\Json->index()
#3 C:\newproject\non-project\ci4 testing\system\CodeIgniter.php(410): CodeIgniter\CodeIgniter->runController()
#4 C:\newproject\non-project\ci4 testing\system\CodeIgniter.php(318): CodeIgniter\CodeIgniter->handleRequest()
#5 C:\newproject\non-project\ci4 testing\public\index.php(37): CodeIgniter\CodeIgniter->run()
#6 C:\newproject\non-project\ci4 testing\system\Commands\Server\rewrite.php(43): require_once('C:\\newproject\\n...')
#7 {main}
CRITICAL - 2022-05-18 05:22:29 --> file_get_contents(https://dummyapi.io/data/v1/user?limit=10): failed to open stream: HTTP request failed! HTTP/1.1 403 Forbidden

#0 [internal function]: CodeIgniter\Debug\Exceptions->errorHandler()
#1 C:\newproject\non-project\ci4 testing\app\Controllers\Json.php(52): file_get_contents()
#2 C:\newproject\non-project\ci4 testing\system\CodeIgniter.php(824): App\Controllers\Json->index()
#3 C:\newproject\non-project\ci4 testing\system\CodeIgniter.php(410): CodeIgniter\CodeIgniter->runController()
#4 C:\newproject\non-project\ci4 testing\system\CodeIgniter.php(318): CodeIgniter\CodeIgniter->handleRequest()
#5 C:\newproject\non-project\ci4 testing\public\index.php(37): CodeIgniter\CodeIgniter->run()
#6 C:\newproject\non-project\ci4 testing\system\Commands\Server\rewrite.php(43): require_once('C:\\newproject\\n...')
#7 {main}
CRITICAL - 2022-05-18 05:22:38 --> file_get_contents(https://dummyapi.io/data/v1/user?limit=10): failed to open stream: HTTP request failed! HTTP/1.1 403 Forbidden

#0 [internal function]: CodeIgniter\Debug\Exceptions->errorHandler()
#1 C:\newproject\non-project\ci4 testing\app\Controllers\Json.php(52): file_get_contents()
#2 C:\newproject\non-project\ci4 testing\system\CodeIgniter.php(824): App\Controllers\Json->index()
#3 C:\newproject\non-project\ci4 testing\system\CodeIgniter.php(410): CodeIgniter\CodeIgniter->runController()
#4 C:\newproject\non-project\ci4 testing\system\CodeIgniter.php(318): CodeIgniter\CodeIgniter->handleRequest()
#5 C:\newproject\non-project\ci4 testing\public\index.php(37): CodeIgniter\CodeIgniter->run()
#6 C:\newproject\non-project\ci4 testing\system\Commands\Server\rewrite.php(43): require_once('C:\\newproject\\n...')
#7 {main}
CRITICAL - 2022-05-18 21:37:15 --> Undefined variable: message
#0 C:\newproject\non-project\ci4 testing\app\Views\masuk.php(7): CodeIgniter\Debug\Exceptions->errorHandler()
#1 C:\newproject\non-project\ci4 testing\system\View\View.php(214): include('C:\\newproject\\n...')
#2 C:\newproject\non-project\ci4 testing\system\View\View.php(217): CodeIgniter\View\View->CodeIgniter\View\{closure}()
#3 C:\newproject\non-project\ci4 testing\system\Common.php(1097): CodeIgniter\View\View->render()
#4 C:\newproject\non-project\ci4 testing\app\Controllers\Home.php(52): view()
#5 C:\newproject\non-project\ci4 testing\system\CodeIgniter.php(824): App\Controllers\Home->send()
#6 C:\newproject\non-project\ci4 testing\system\CodeIgniter.php(410): CodeIgniter\CodeIgniter->runController()
#7 C:\newproject\non-project\ci4 testing\system\CodeIgniter.php(318): CodeIgniter\CodeIgniter->handleRequest()
#8 C:\newproject\non-project\ci4 testing\public\index.php(37): CodeIgniter\CodeIgniter->run()
#9 C:\newproject\non-project\ci4 testing\system\Commands\Server\rewrite.php(43): require_once('C:\\newproject\\n...')
#10 {main}
CRITICAL - 2022-05-18 21:37:21 --> Undefined variable: errorMsgLogin
#0 C:\newproject\non-project\ci4 testing\app\Views\login.php(18): CodeIgniter\Debug\Exceptions->errorHandler()
#1 C:\newproject\non-project\ci4 testing\system\View\View.php(214): include('C:\\newproject\\n...')
#2 C:\newproject\non-project\ci4 testing\system\View\View.php(217): CodeIgniter\View\View->CodeIgniter\View\{closure}()
#3 C:\newproject\non-project\ci4 testing\system\Common.php(1097): CodeIgniter\View\View->render()
#4 C:\newproject\non-project\ci4 testing\app\Controllers\Login.php(11): view()
#5 C:\newproject\non-project\ci4 testing\system\CodeIgniter.php(824): App\Controllers\Login->index()
#6 C:\newproject\non-project\ci4 testing\system\CodeIgniter.php(410): CodeIgniter\CodeIgniter->runController()
#7 C:\newproject\non-project\ci4 testing\system\CodeIgniter.php(318): CodeIgniter\CodeIgniter->handleRequest()
#8 C:\newproject\non-project\ci4 testing\public\index.php(37): CodeIgniter\CodeIgniter->run()
#9 C:\newproject\non-project\ci4 testing\system\Commands\Server\rewrite.php(43): require_once('C:\\newproject\\n...')
#10 {main}
CRITICAL - 2022-05-18 21:37:53 --> Undefined variable: errorMsgReg
#0 C:\newproject\non-project\ci4 testing\app\Views\login.php(37): CodeIgniter\Debug\Exceptions->errorHandler()
#1 C:\newproject\non-project\ci4 testing\system\View\View.php(214): include('C:\\newproject\\n...')
#2 C:\newproject\non-project\ci4 testing\system\View\View.php(217): CodeIgniter\View\View->CodeIgniter\View\{closure}()
#3 C:\newproject\non-project\ci4 testing\system\Common.php(1097): CodeIgniter\View\View->render()
#4 C:\newproject\non-project\ci4 testing\app\Controllers\Login.php(11): view()
#5 C:\newproject\non-project\ci4 testing\system\CodeIgniter.php(824): App\Controllers\Login->index()
#6 C:\newproject\non-project\ci4 testing\system\CodeIgniter.php(410): CodeIgniter\CodeIgniter->runController()
#7 C:\newproject\non-project\ci4 testing\system\CodeIgniter.php(318): CodeIgniter\CodeIgniter->handleRequest()
#8 C:\newproject\non-project\ci4 testing\public\index.php(37): CodeIgniter\CodeIgniter->run()
#9 C:\newproject\non-project\ci4 testing\system\Commands\Server\rewrite.php(43): require_once('C:\\newproject\\n...')
#10 {main}
