CRITICAL - 2022-05-23 21:37:23 --> file_get_contents(https://dummyapi.io/data/v1/user/create): failed to open stream: HTTP request failed! HTTP/1.1 403 Forbidden

#0 [internal function]: CodeIgniter\Debug\Exceptions->errorHandler()
#1 C:\newproject\non-project\ci4 testing\app\Controllers\Json.php(58): file_get_contents()
#2 C:\newproject\non-project\ci4 testing\system\CodeIgniter.php(824): App\Controllers\Json->index()
#3 C:\newproject\non-project\ci4 testing\system\CodeIgniter.php(410): CodeIgniter\CodeIgniter->runController()
#4 C:\newproject\non-project\ci4 testing\system\CodeIgniter.php(318): CodeIgniter\CodeIgniter->handleRequest()
#5 C:\newproject\non-project\ci4 testing\public\index.php(37): CodeIgniter\CodeIgniter->run()
#6 C:\newproject\non-project\ci4 testing\system\Commands\Server\rewrite.php(43): require_once('C:\\newproject\\n...')
#7 {main}
CRITICAL - 2022-05-23 21:38:11 --> file_get_contents(https://dummyapi.io/data/v1/user?limit=10): failed to open stream: HTTP request failed! HTTP/1.1 403 Forbidden

#0 [internal function]: CodeIgniter\Debug\Exceptions->errorHandler()
#1 C:\newproject\non-project\ci4 testing\app\Controllers\Json.php(58): file_get_contents()
#2 C:\newproject\non-project\ci4 testing\system\CodeIgniter.php(824): App\Controllers\Json->index()
#3 C:\newproject\non-project\ci4 testing\system\CodeIgniter.php(410): CodeIgniter\CodeIgniter->runController()
#4 C:\newproject\non-project\ci4 testing\system\CodeIgniter.php(318): CodeIgniter\CodeIgniter->handleRequest()
#5 C:\newproject\non-project\ci4 testing\public\index.php(37): CodeIgniter\CodeIgniter->run()
#6 C:\newproject\non-project\ci4 testing\system\Commands\Server\rewrite.php(43): require_once('C:\\newproject\\n...')
#7 {main}
CRITICAL - 2022-05-23 21:39:33 --> file_get_contents(https://dummyapi.io/data/v1/user?limit=10): failed to open stream: HTTP request failed! HTTP/1.1 403 Forbidden

#0 [internal function]: CodeIgniter\Debug\Exceptions->errorHandler()
#1 C:\newproject\non-project\ci4 testing\app\Controllers\Json.php(58): file_get_contents()
#2 C:\newproject\non-project\ci4 testing\system\CodeIgniter.php(824): App\Controllers\Json->index()
#3 C:\newproject\non-project\ci4 testing\system\CodeIgniter.php(410): CodeIgniter\CodeIgniter->runController()
#4 C:\newproject\non-project\ci4 testing\system\CodeIgniter.php(318): CodeIgniter\CodeIgniter->handleRequest()
#5 C:\newproject\non-project\ci4 testing\public\index.php(37): CodeIgniter\CodeIgniter->run()
#6 C:\newproject\non-project\ci4 testing\system\Commands\Server\rewrite.php(43): require_once('C:\\newproject\\n...')
#7 {main}
CRITICAL - 2022-05-23 21:40:32 --> file_get_contents(http://www.someservice.com/api/fetch?key=1234567890): failed to open stream: A connection attempt failed because the connected party did not properly respond after a period of time, or established connection failed because connected host has failed to respond.

#0 [internal function]: CodeIgniter\Debug\Exceptions->errorHandler()
#1 C:\newproject\non-project\ci4 testing\app\Controllers\Json.php(58): file_get_contents()
#2 C:\newproject\non-project\ci4 testing\system\CodeIgniter.php(824): App\Controllers\Json->index()
#3 C:\newproject\non-project\ci4 testing\system\CodeIgniter.php(410): CodeIgniter\CodeIgniter->runController()
#4 C:\newproject\non-project\ci4 testing\system\CodeIgniter.php(318): CodeIgniter\CodeIgniter->handleRequest()
#5 C:\newproject\non-project\ci4 testing\public\index.php(37): CodeIgniter\CodeIgniter->run()
#6 C:\newproject\non-project\ci4 testing\system\Commands\Server\rewrite.php(43): require_once('C:\\newproject\\n...')
#7 {main}
CRITICAL - 2022-05-23 21:40:33 --> file_get_contents(https://dummyapi.io/data/v1/user?limit=10): failed to open stream: HTTP request failed! HTTP/1.1 403 Forbidden

#0 [internal function]: CodeIgniter\Debug\Exceptions->errorHandler()
#1 C:\newproject\non-project\ci4 testing\app\Controllers\Json.php(58): file_get_contents()
#2 C:\newproject\non-project\ci4 testing\system\CodeIgniter.php(824): App\Controllers\Json->index()
#3 C:\newproject\non-project\ci4 testing\system\CodeIgniter.php(410): CodeIgniter\CodeIgniter->runController()
#4 C:\newproject\non-project\ci4 testing\system\CodeIgniter.php(318): CodeIgniter\CodeIgniter->handleRequest()
#5 C:\newproject\non-project\ci4 testing\public\index.php(37): CodeIgniter\CodeIgniter->run()
#6 C:\newproject\non-project\ci4 testing\system\Commands\Server\rewrite.php(43): require_once('C:\\newproject\\n...')
#7 {main}
CRITICAL - 2022-05-23 21:40:34 --> file_get_contents(https://dummyapi.io/data/v1/user?limit=10): failed to open stream: HTTP request failed! HTTP/1.1 403 Forbidden

#0 [internal function]: CodeIgniter\Debug\Exceptions->errorHandler()
#1 C:\newproject\non-project\ci4 testing\app\Controllers\Json.php(58): file_get_contents()
#2 C:\newproject\non-project\ci4 testing\system\CodeIgniter.php(824): App\Controllers\Json->index()
#3 C:\newproject\non-project\ci4 testing\system\CodeIgniter.php(410): CodeIgniter\CodeIgniter->runController()
#4 C:\newproject\non-project\ci4 testing\system\CodeIgniter.php(318): CodeIgniter\CodeIgniter->handleRequest()
#5 C:\newproject\non-project\ci4 testing\public\index.php(37): CodeIgniter\CodeIgniter->run()
#6 C:\newproject\non-project\ci4 testing\system\Commands\Server\rewrite.php(43): require_once('C:\\newproject\\n...')
#7 {main}
CRITICAL - 2022-05-23 21:40:47 --> file_get_contents(http://dummyapi.io/data/v1/user?limit=10): failed to open stream: HTTP request failed! HTTP/1.1 403 Forbidden

#0 [internal function]: CodeIgniter\Debug\Exceptions->errorHandler()
#1 C:\newproject\non-project\ci4 testing\app\Controllers\Json.php(58): file_get_contents()
#2 C:\newproject\non-project\ci4 testing\system\CodeIgniter.php(824): App\Controllers\Json->index()
#3 C:\newproject\non-project\ci4 testing\system\CodeIgniter.php(410): CodeIgniter\CodeIgniter->runController()
#4 C:\newproject\non-project\ci4 testing\system\CodeIgniter.php(318): CodeIgniter\CodeIgniter->handleRequest()
#5 C:\newproject\non-project\ci4 testing\public\index.php(37): CodeIgniter\CodeIgniter->run()
#6 C:\newproject\non-project\ci4 testing\system\Commands\Server\rewrite.php(43): require_once('C:\\newproject\\n...')
#7 {main}
CRITICAL - 2022-05-23 21:41:03 --> file_get_contents(https://dummyapi.io/data/v1/user/60d0fe4f5311236168a109ca): failed to open stream: HTTP request failed! HTTP/1.1 403 Forbidden

#0 [internal function]: CodeIgniter\Debug\Exceptions->errorHandler()
#1 C:\newproject\non-project\ci4 testing\app\Controllers\Json.php(58): file_get_contents()
#2 C:\newproject\non-project\ci4 testing\system\CodeIgniter.php(824): App\Controllers\Json->index()
#3 C:\newproject\non-project\ci4 testing\system\CodeIgniter.php(410): CodeIgniter\CodeIgniter->runController()
#4 C:\newproject\non-project\ci4 testing\system\CodeIgniter.php(318): CodeIgniter\CodeIgniter->handleRequest()
#5 C:\newproject\non-project\ci4 testing\public\index.php(37): CodeIgniter\CodeIgniter->run()
#6 C:\newproject\non-project\ci4 testing\system\Commands\Server\rewrite.php(43): require_once('C:\\newproject\\n...')
#7 {main}
CRITICAL - 2022-05-23 21:41:34 --> file_get_contents(https://dummyapi.io/data/v1/user/60d0fe4f5311236168a109ca): failed to open stream: HTTP request failed! HTTP/1.1 403 Forbidden

#0 [internal function]: CodeIgniter\Debug\Exceptions->errorHandler()
#1 C:\newproject\non-project\ci4 testing\app\Controllers\Json.php(58): file_get_contents()
#2 C:\newproject\non-project\ci4 testing\system\CodeIgniter.php(824): App\Controllers\Json->index()
#3 C:\newproject\non-project\ci4 testing\system\CodeIgniter.php(410): CodeIgniter\CodeIgniter->runController()
#4 C:\newproject\non-project\ci4 testing\system\CodeIgniter.php(318): CodeIgniter\CodeIgniter->handleRequest()
#5 C:\newproject\non-project\ci4 testing\public\index.php(37): CodeIgniter\CodeIgniter->run()
#6 C:\newproject\non-project\ci4 testing\system\Commands\Server\rewrite.php(43): require_once('C:\\newproject\\n...')
#7 {main}
CRITICAL - 2022-05-23 21:43:42 --> file_get_contents(https://dummyapi.io/data/v1/user/60d0fe4f5311236168a109ca): failed to open stream: HTTP request failed! HTTP/1.1 403 Forbidden

#0 [internal function]: CodeIgniter\Debug\Exceptions->errorHandler()
#1 C:\newproject\non-project\ci4 testing\app\Controllers\Json.php(58): file_get_contents()
#2 C:\newproject\non-project\ci4 testing\system\CodeIgniter.php(824): App\Controllers\Json->index()
#3 C:\newproject\non-project\ci4 testing\system\CodeIgniter.php(410): CodeIgniter\CodeIgniter->runController()
#4 C:\newproject\non-project\ci4 testing\system\CodeIgniter.php(318): CodeIgniter\CodeIgniter->handleRequest()
#5 C:\newproject\non-project\ci4 testing\public\index.php(37): CodeIgniter\CodeIgniter->run()
#6 C:\newproject\non-project\ci4 testing\system\Commands\Server\rewrite.php(43): require_once('C:\\newproject\\n...')
#7 {main}
CRITICAL - 2022-05-23 21:44:47 --> file_get_contents(https://dummyapi.io/data/v1/user/60d0fe4f5311236168a109ca): failed to open stream: HTTP request failed! HTTP/1.1 403 Forbidden

#0 [internal function]: CodeIgniter\Debug\Exceptions->errorHandler()
#1 C:\newproject\non-project\ci4 testing\app\Controllers\Json.php(58): file_get_contents()
#2 C:\newproject\non-project\ci4 testing\system\CodeIgniter.php(824): App\Controllers\Json->index()
#3 C:\newproject\non-project\ci4 testing\system\CodeIgniter.php(410): CodeIgniter\CodeIgniter->runController()
#4 C:\newproject\non-project\ci4 testing\system\CodeIgniter.php(318): CodeIgniter\CodeIgniter->handleRequest()
#5 C:\newproject\non-project\ci4 testing\public\index.php(37): CodeIgniter\CodeIgniter->run()
#6 C:\newproject\non-project\ci4 testing\system\Commands\Server\rewrite.php(43): require_once('C:\\newproject\\n...')
#7 {main}
CRITICAL - 2022-05-23 21:45:12 --> file_get_contents(https://dummyapi.io/data/v1/user): failed to open stream: HTTP request failed! HTTP/1.1 403 Forbidden

#0 [internal function]: CodeIgniter\Debug\Exceptions->errorHandler()
#1 C:\newproject\non-project\ci4 testing\app\Controllers\Json.php(58): file_get_contents()
#2 C:\newproject\non-project\ci4 testing\system\CodeIgniter.php(824): App\Controllers\Json->index()
#3 C:\newproject\non-project\ci4 testing\system\CodeIgniter.php(410): CodeIgniter\CodeIgniter->runController()
#4 C:\newproject\non-project\ci4 testing\system\CodeIgniter.php(318): CodeIgniter\CodeIgniter->handleRequest()
#5 C:\newproject\non-project\ci4 testing\public\index.php(37): CodeIgniter\CodeIgniter->run()
#6 C:\newproject\non-project\ci4 testing\system\Commands\Server\rewrite.php(43): require_once('C:\\newproject\\n...')
#7 {main}
CRITICAL - 2022-05-23 21:45:28 --> file_get_contents(https://dummyapi.io/data/v1/user): failed to open stream: HTTP request failed! HTTP/1.1 403 Forbidden

#0 [internal function]: CodeIgniter\Debug\Exceptions->errorHandler()
#1 C:\newproject\non-project\ci4 testing\app\Controllers\Json.php(58): file_get_contents()
#2 C:\newproject\non-project\ci4 testing\system\CodeIgniter.php(824): App\Controllers\Json->index()
#3 C:\newproject\non-project\ci4 testing\system\CodeIgniter.php(410): CodeIgniter\CodeIgniter->runController()
#4 C:\newproject\non-project\ci4 testing\system\CodeIgniter.php(318): CodeIgniter\CodeIgniter->handleRequest()
#5 C:\newproject\non-project\ci4 testing\public\index.php(37): CodeIgniter\CodeIgniter->run()
#6 C:\newproject\non-project\ci4 testing\system\Commands\Server\rewrite.php(43): require_once('C:\\newproject\\n...')
#7 {main}
CRITICAL - 2022-05-23 21:46:20 --> file_get_contents(https://dummyapi.io/data/v1/user): failed to open stream: HTTP request failed! HTTP/1.1 403 Forbidden

#0 [internal function]: CodeIgniter\Debug\Exceptions->errorHandler()
#1 C:\newproject\non-project\ci4 testing\app\Controllers\Json.php(46): file_get_contents()
#2 C:\newproject\non-project\ci4 testing\system\CodeIgniter.php(824): App\Controllers\Json->index()
#3 C:\newproject\non-project\ci4 testing\system\CodeIgniter.php(410): CodeIgniter\CodeIgniter->runController()
#4 C:\newproject\non-project\ci4 testing\system\CodeIgniter.php(318): CodeIgniter\CodeIgniter->handleRequest()
#5 C:\newproject\non-project\ci4 testing\public\index.php(37): CodeIgniter\CodeIgniter->run()
#6 C:\newproject\non-project\ci4 testing\system\Commands\Server\rewrite.php(43): require_once('C:\\newproject\\n...')
#7 {main}
CRITICAL - 2022-05-23 21:48:05 --> file_get_contents() expects parameter 2 to be bool, resource given
#0 [internal function]: CodeIgniter\Debug\Exceptions->errorHandler()
#1 C:\newproject\non-project\ci4 testing\app\Controllers\Json.php(46): file_get_contents()
#2 C:\newproject\non-project\ci4 testing\system\CodeIgniter.php(824): App\Controllers\Json->index()
#3 C:\newproject\non-project\ci4 testing\system\CodeIgniter.php(410): CodeIgniter\CodeIgniter->runController()
#4 C:\newproject\non-project\ci4 testing\system\CodeIgniter.php(318): CodeIgniter\CodeIgniter->handleRequest()
#5 C:\newproject\non-project\ci4 testing\public\index.php(37): CodeIgniter\CodeIgniter->run()
#6 C:\newproject\non-project\ci4 testing\system\Commands\Server\rewrite.php(43): require_once('C:\\newproject\\n...')
#7 {main}
CRITICAL - 2022-05-23 21:48:07 --> file_get_contents() expects parameter 2 to be bool, resource given
#0 [internal function]: CodeIgniter\Debug\Exceptions->errorHandler()
#1 C:\newproject\non-project\ci4 testing\app\Controllers\Json.php(46): file_get_contents()
#2 C:\newproject\non-project\ci4 testing\system\CodeIgniter.php(824): App\Controllers\Json->index()
#3 C:\newproject\non-project\ci4 testing\system\CodeIgniter.php(410): CodeIgniter\CodeIgniter->runController()
#4 C:\newproject\non-project\ci4 testing\system\CodeIgniter.php(318): CodeIgniter\CodeIgniter->handleRequest()
#5 C:\newproject\non-project\ci4 testing\public\index.php(37): CodeIgniter\CodeIgniter->run()
#6 C:\newproject\non-project\ci4 testing\system\Commands\Server\rewrite.php(43): require_once('C:\\newproject\\n...')
#7 {main}
CRITICAL - 2022-05-23 21:48:13 --> file_get_contents(https://dummyapi.io/data/v1/user): failed to open stream: HTTP request failed! HTTP/1.1 403 Forbidden

#0 [internal function]: CodeIgniter\Debug\Exceptions->errorHandler()
#1 C:\newproject\non-project\ci4 testing\app\Controllers\Json.php(46): file_get_contents()
#2 C:\newproject\non-project\ci4 testing\system\CodeIgniter.php(824): App\Controllers\Json->index()
#3 C:\newproject\non-project\ci4 testing\system\CodeIgniter.php(410): CodeIgniter\CodeIgniter->runController()
#4 C:\newproject\non-project\ci4 testing\system\CodeIgniter.php(318): CodeIgniter\CodeIgniter->handleRequest()
#5 C:\newproject\non-project\ci4 testing\public\index.php(37): CodeIgniter\CodeIgniter->run()
#6 C:\newproject\non-project\ci4 testing\system\Commands\Server\rewrite.php(43): require_once('C:\\newproject\\n...')
#7 {main}
CRITICAL - 2022-05-23 21:49:01 --> file_get_contents(http://dummyapi.io/data/v1/user?limit=10): failed to open stream: HTTP request failed! HTTP/1.1 403 Forbidden

#0 [internal function]: CodeIgniter\Debug\Exceptions->errorHandler()
#1 C:\newproject\non-project\ci4 testing\app\Controllers\Json.php(46): file_get_contents()
#2 C:\newproject\non-project\ci4 testing\system\CodeIgniter.php(824): App\Controllers\Json->index()
#3 C:\newproject\non-project\ci4 testing\system\CodeIgniter.php(410): CodeIgniter\CodeIgniter->runController()
#4 C:\newproject\non-project\ci4 testing\system\CodeIgniter.php(318): CodeIgniter\CodeIgniter->handleRequest()
#5 C:\newproject\non-project\ci4 testing\public\index.php(37): CodeIgniter\CodeIgniter->run()
#6 C:\newproject\non-project\ci4 testing\system\Commands\Server\rewrite.php(43): require_once('C:\\newproject\\n...')
#7 {main}
CRITICAL - 2022-05-23 21:54:22 --> file_get_contents(http://dummyapi.io/data/v1/user?limit=10): failed to open stream: HTTP request failed! HTTP/1.1 403 Forbidden

#0 [internal function]: CodeIgniter\Debug\Exceptions->errorHandler()
#1 C:\newproject\non-project\ci4 testing\app\Controllers\Json.php(46): file_get_contents()
#2 C:\newproject\non-project\ci4 testing\system\CodeIgniter.php(824): App\Controllers\Json->index()
#3 C:\newproject\non-project\ci4 testing\system\CodeIgniter.php(410): CodeIgniter\CodeIgniter->runController()
#4 C:\newproject\non-project\ci4 testing\system\CodeIgniter.php(318): CodeIgniter\CodeIgniter->handleRequest()
#5 C:\newproject\non-project\ci4 testing\public\index.php(37): CodeIgniter\CodeIgniter->run()
#6 C:\newproject\non-project\ci4 testing\system\Commands\Server\rewrite.php(43): require_once('C:\\newproject\\n...')
#7 {main}
CRITICAL - 2022-05-23 21:54:47 --> file_get_contents(http://dummyapi.io/data/v1/user?limit=10): failed to open stream: HTTP request failed! HTTP/1.1 403 Forbidden

#0 [internal function]: CodeIgniter\Debug\Exceptions->errorHandler()
#1 C:\newproject\non-project\ci4 testing\app\Controllers\Json.php(47): file_get_contents()
#2 C:\newproject\non-project\ci4 testing\system\CodeIgniter.php(824): App\Controllers\Json->index()
#3 C:\newproject\non-project\ci4 testing\system\CodeIgniter.php(410): CodeIgniter\CodeIgniter->runController()
#4 C:\newproject\non-project\ci4 testing\system\CodeIgniter.php(318): CodeIgniter\CodeIgniter->handleRequest()
#5 C:\newproject\non-project\ci4 testing\public\index.php(37): CodeIgniter\CodeIgniter->run()
#6 C:\newproject\non-project\ci4 testing\system\Commands\Server\rewrite.php(43): require_once('C:\\newproject\\n...')
#7 {main}
CRITICAL - 2022-05-23 21:55:21 --> file_get_contents(http://dummyapi.io/data/v1/user?limit=10): failed to open stream: HTTP request failed! HTTP/1.1 403 Forbidden

#0 [internal function]: CodeIgniter\Debug\Exceptions->errorHandler()
#1 C:\newproject\non-project\ci4 testing\app\Controllers\Json.php(46): file_get_contents()
#2 C:\newproject\non-project\ci4 testing\system\CodeIgniter.php(824): App\Controllers\Json->index()
#3 C:\newproject\non-project\ci4 testing\system\CodeIgniter.php(410): CodeIgniter\CodeIgniter->runController()
#4 C:\newproject\non-project\ci4 testing\system\CodeIgniter.php(318): CodeIgniter\CodeIgniter->handleRequest()
#5 C:\newproject\non-project\ci4 testing\public\index.php(37): CodeIgniter\CodeIgniter->run()
#6 C:\newproject\non-project\ci4 testing\system\Commands\Server\rewrite.php(43): require_once('C:\\newproject\\n...')
#7 {main}
CRITICAL - 2022-05-23 21:57:49 --> file_get_contents(http://dummyapi.io/data/v1/user?limit=10): failed to open stream: HTTP request failed! HTTP/1.1 403 Forbidden

#0 [internal function]: CodeIgniter\Debug\Exceptions->errorHandler()
#1 C:\newproject\non-project\ci4 testing\app\Controllers\Json.php(46): file_get_contents()
#2 C:\newproject\non-project\ci4 testing\system\CodeIgniter.php(824): App\Controllers\Json->index()
#3 C:\newproject\non-project\ci4 testing\system\CodeIgniter.php(410): CodeIgniter\CodeIgniter->runController()
#4 C:\newproject\non-project\ci4 testing\system\CodeIgniter.php(318): CodeIgniter\CodeIgniter->handleRequest()
#5 C:\newproject\non-project\ci4 testing\public\index.php(37): CodeIgniter\CodeIgniter->run()
#6 C:\newproject\non-project\ci4 testing\system\Commands\Server\rewrite.php(43): require_once('C:\\newproject\\n...')
#7 {main}
CRITICAL - 2022-05-23 22:35:34 --> file_get_contents(http://dummyapi.io/data/v1/user?limit=10): failed to open stream: HTTP request failed! HTTP/1.1 403 Forbidden

#0 [internal function]: CodeIgniter\Debug\Exceptions->errorHandler()
#1 C:\newproject\non-project\ci4 testing\app\Controllers\Json.php(46): file_get_contents()
#2 C:\newproject\non-project\ci4 testing\system\CodeIgniter.php(824): App\Controllers\Json->index()
#3 C:\newproject\non-project\ci4 testing\system\CodeIgniter.php(410): CodeIgniter\CodeIgniter->runController()
#4 C:\newproject\non-project\ci4 testing\system\CodeIgniter.php(318): CodeIgniter\CodeIgniter->handleRequest()
#5 C:\newproject\non-project\ci4 testing\public\index.php(37): CodeIgniter\CodeIgniter->run()
#6 C:\newproject\non-project\ci4 testing\system\Commands\Server\rewrite.php(43): require_once('C:\\newproject\\n...')
#7 {main}
