CRITICAL - 2021-11-29 00:00:31 --> Class 'App\Controllers\CI_Controller' not found
#0 C:\newproject\non-project\ci4 testing\system\Autoloader\Autoloader.php(264): include_once()
#1 C:\newproject\non-project\ci4 testing\system\Autoloader\Autoloader.php(241): CodeIgniter\Autoloader\Autoloader->includeFile()
#2 C:\newproject\non-project\ci4 testing\system\Autoloader\Autoloader.php(219): CodeIgniter\Autoloader\Autoloader->loadInNamespace()
#3 [internal function]: CodeIgniter\Autoloader\Autoloader->loadClass()
#4 [internal function]: spl_autoload_call()
#5 C:\newproject\non-project\ci4 testing\system\CodeIgniter.php(789): class_exists()
#6 C:\newproject\non-project\ci4 testing\system\CodeIgniter.php(397): CodeIgniter\CodeIgniter->startController()
#7 C:\newproject\non-project\ci4 testing\system\CodeIgniter.php(318): CodeIgniter\CodeIgniter->handleRequest()
#8 C:\newproject\non-project\ci4 testing\public\index.php(37): CodeIgniter\CodeIgniter->run()
#9 C:\newproject\non-project\ci4 testing\system\Commands\Server\rewrite.php(43): require_once('C:\\newproject\\n...')
#10 {main}
CRITICAL - 2021-11-29 00:00:32 --> Class 'App\Controllers\CI_Controller' not found
#0 C:\newproject\non-project\ci4 testing\system\Autoloader\Autoloader.php(264): include_once()
#1 C:\newproject\non-project\ci4 testing\system\Autoloader\Autoloader.php(241): CodeIgniter\Autoloader\Autoloader->includeFile()
#2 C:\newproject\non-project\ci4 testing\system\Autoloader\Autoloader.php(219): CodeIgniter\Autoloader\Autoloader->loadInNamespace()
#3 [internal function]: CodeIgniter\Autoloader\Autoloader->loadClass()
#4 [internal function]: spl_autoload_call()
#5 C:\newproject\non-project\ci4 testing\system\CodeIgniter.php(789): class_exists()
#6 C:\newproject\non-project\ci4 testing\system\CodeIgniter.php(397): CodeIgniter\CodeIgniter->startController()
#7 C:\newproject\non-project\ci4 testing\system\CodeIgniter.php(318): CodeIgniter\CodeIgniter->handleRequest()
#8 C:\newproject\non-project\ci4 testing\public\index.php(37): CodeIgniter\CodeIgniter->run()
#9 C:\newproject\non-project\ci4 testing\system\Commands\Server\rewrite.php(43): require_once('C:\\newproject\\n...')
#10 {main}
CRITICAL - 2021-11-29 00:00:32 --> Class 'App\Controllers\CI_Controller' not found
#0 C:\newproject\non-project\ci4 testing\system\Autoloader\Autoloader.php(264): include_once()
#1 C:\newproject\non-project\ci4 testing\system\Autoloader\Autoloader.php(241): CodeIgniter\Autoloader\Autoloader->includeFile()
#2 C:\newproject\non-project\ci4 testing\system\Autoloader\Autoloader.php(219): CodeIgniter\Autoloader\Autoloader->loadInNamespace()
#3 [internal function]: CodeIgniter\Autoloader\Autoloader->loadClass()
#4 [internal function]: spl_autoload_call()
#5 C:\newproject\non-project\ci4 testing\system\CodeIgniter.php(789): class_exists()
#6 C:\newproject\non-project\ci4 testing\system\CodeIgniter.php(397): CodeIgniter\CodeIgniter->startController()
#7 C:\newproject\non-project\ci4 testing\system\CodeIgniter.php(318): CodeIgniter\CodeIgniter->handleRequest()
#8 C:\newproject\non-project\ci4 testing\public\index.php(37): CodeIgniter\CodeIgniter->run()
#9 C:\newproject\non-project\ci4 testing\system\Commands\Server\rewrite.php(43): require_once('C:\\newproject\\n...')
#10 {main}
CRITICAL - 2021-11-29 00:01:06 --> Class 'App\Controllers\Google_Client' not found
#0 C:\newproject\non-project\ci4 testing\system\CodeIgniter.php(824): App\Controllers\Redirect->index()
#1 C:\newproject\non-project\ci4 testing\system\CodeIgniter.php(410): CodeIgniter\CodeIgniter->runController()
#2 C:\newproject\non-project\ci4 testing\system\CodeIgniter.php(318): CodeIgniter\CodeIgniter->handleRequest()
#3 C:\newproject\non-project\ci4 testing\public\index.php(37): CodeIgniter\CodeIgniter->run()
#4 C:\newproject\non-project\ci4 testing\system\Commands\Server\rewrite.php(43): require_once('C:\\newproject\\n...')
#5 {main}
CRITICAL - 2021-11-29 02:23:15 --> Undefined variable: errorMsgLogin
#0 C:\newproject\non-project\ci4 testing\app\Views\login.php(17): CodeIgniter\Debug\Exceptions->errorHandler()
#1 C:\newproject\non-project\ci4 testing\system\View\View.php(214): include('C:\\newproject\\n...')
#2 C:\newproject\non-project\ci4 testing\system\View\View.php(217): CodeIgniter\View\View->CodeIgniter\View\{closure}()
#3 C:\newproject\non-project\ci4 testing\system\Common.php(1097): CodeIgniter\View\View->render()
#4 C:\newproject\non-project\ci4 testing\app\Controllers\Home.php(9): view()
#5 C:\newproject\non-project\ci4 testing\system\CodeIgniter.php(824): App\Controllers\Home->index()
#6 C:\newproject\non-project\ci4 testing\system\CodeIgniter.php(410): CodeIgniter\CodeIgniter->runController()
#7 C:\newproject\non-project\ci4 testing\system\CodeIgniter.php(318): CodeIgniter\CodeIgniter->handleRequest()
#8 C:\newproject\non-project\ci4 testing\public\index.php(37): CodeIgniter\CodeIgniter->run()
#9 C:\newproject\non-project\ci4 testing\system\Commands\Server\rewrite.php(43): require_once('C:\\newproject\\n...')
#10 {main}
CRITICAL - 2021-11-29 02:26:56 --> Undefined variable: erroeMsgLogin
#0 C:\newproject\non-project\ci4 testing\app\Views\login.php(17): CodeIgniter\Debug\Exceptions->errorHandler()
#1 C:\newproject\non-project\ci4 testing\system\View\View.php(214): include('C:\\newproject\\n...')
#2 C:\newproject\non-project\ci4 testing\system\View\View.php(217): CodeIgniter\View\View->CodeIgniter\View\{closure}()
#3 C:\newproject\non-project\ci4 testing\system\Common.php(1097): CodeIgniter\View\View->render()
#4 C:\newproject\non-project\ci4 testing\app\Controllers\Home.php(9): view()
#5 C:\newproject\non-project\ci4 testing\system\CodeIgniter.php(824): App\Controllers\Home->index()
#6 C:\newproject\non-project\ci4 testing\system\CodeIgniter.php(410): CodeIgniter\CodeIgniter->runController()
#7 C:\newproject\non-project\ci4 testing\system\CodeIgniter.php(318): CodeIgniter\CodeIgniter->handleRequest()
#8 C:\newproject\non-project\ci4 testing\public\index.php(37): CodeIgniter\CodeIgniter->run()
#9 C:\newproject\non-project\ci4 testing\system\Commands\Server\rewrite.php(43): require_once('C:\\newproject\\n...')
#10 {main}
CRITICAL - 2021-11-29 02:26:58 --> Undefined variable: erroeMsgLogin
#0 C:\newproject\non-project\ci4 testing\app\Views\login.php(17): CodeIgniter\Debug\Exceptions->errorHandler()
#1 C:\newproject\non-project\ci4 testing\system\View\View.php(214): include('C:\\newproject\\n...')
#2 C:\newproject\non-project\ci4 testing\system\View\View.php(217): CodeIgniter\View\View->CodeIgniter\View\{closure}()
#3 C:\newproject\non-project\ci4 testing\system\Common.php(1097): CodeIgniter\View\View->render()
#4 C:\newproject\non-project\ci4 testing\app\Controllers\Home.php(9): view()
#5 C:\newproject\non-project\ci4 testing\system\CodeIgniter.php(824): App\Controllers\Home->index()
#6 C:\newproject\non-project\ci4 testing\system\CodeIgniter.php(410): CodeIgniter\CodeIgniter->runController()
#7 C:\newproject\non-project\ci4 testing\system\CodeIgniter.php(318): CodeIgniter\CodeIgniter->handleRequest()
#8 C:\newproject\non-project\ci4 testing\public\index.php(37): CodeIgniter\CodeIgniter->run()
#9 C:\newproject\non-project\ci4 testing\system\Commands\Server\rewrite.php(43): require_once('C:\\newproject\\n...')
#10 {main}
CRITICAL - 2021-11-29 02:26:59 --> Undefined variable: erroeMsgLogin
#0 C:\newproject\non-project\ci4 testing\app\Views\login.php(17): CodeIgniter\Debug\Exceptions->errorHandler()
#1 C:\newproject\non-project\ci4 testing\system\View\View.php(214): include('C:\\newproject\\n...')
#2 C:\newproject\non-project\ci4 testing\system\View\View.php(217): CodeIgniter\View\View->CodeIgniter\View\{closure}()
#3 C:\newproject\non-project\ci4 testing\system\Common.php(1097): CodeIgniter\View\View->render()
#4 C:\newproject\non-project\ci4 testing\app\Controllers\Home.php(9): view()
#5 C:\newproject\non-project\ci4 testing\system\CodeIgniter.php(824): App\Controllers\Home->index()
#6 C:\newproject\non-project\ci4 testing\system\CodeIgniter.php(410): CodeIgniter\CodeIgniter->runController()
#7 C:\newproject\non-project\ci4 testing\system\CodeIgniter.php(318): CodeIgniter\CodeIgniter->handleRequest()
#8 C:\newproject\non-project\ci4 testing\public\index.php(37): CodeIgniter\CodeIgniter->run()
#9 C:\newproject\non-project\ci4 testing\system\Commands\Server\rewrite.php(43): require_once('C:\\newproject\\n...')
#10 {main}
CRITICAL - 2021-11-29 02:27:57 --> Undefined variable: erroeMsgLogin
#0 C:\newproject\non-project\ci4 testing\app\Views\login.php(17): CodeIgniter\Debug\Exceptions->errorHandler()
#1 C:\newproject\non-project\ci4 testing\system\View\View.php(214): include('C:\\newproject\\n...')
#2 C:\newproject\non-project\ci4 testing\system\View\View.php(217): CodeIgniter\View\View->CodeIgniter\View\{closure}()
#3 C:\newproject\non-project\ci4 testing\system\Common.php(1097): CodeIgniter\View\View->render()
#4 C:\newproject\non-project\ci4 testing\app\Controllers\Home.php(14): view()
#5 C:\newproject\non-project\ci4 testing\system\CodeIgniter.php(824): App\Controllers\Home->index()
#6 C:\newproject\non-project\ci4 testing\system\CodeIgniter.php(410): CodeIgniter\CodeIgniter->runController()
#7 C:\newproject\non-project\ci4 testing\system\CodeIgniter.php(318): CodeIgniter\CodeIgniter->handleRequest()
#8 C:\newproject\non-project\ci4 testing\public\index.php(37): CodeIgniter\CodeIgniter->run()
#9 C:\newproject\non-project\ci4 testing\system\Commands\Server\rewrite.php(43): require_once('C:\\newproject\\n...')
#10 {main}
CRITICAL - 2021-11-29 02:27:58 --> Undefined variable: erroeMsgLogin
#0 C:\newproject\non-project\ci4 testing\app\Views\login.php(17): CodeIgniter\Debug\Exceptions->errorHandler()
#1 C:\newproject\non-project\ci4 testing\system\View\View.php(214): include('C:\\newproject\\n...')
#2 C:\newproject\non-project\ci4 testing\system\View\View.php(217): CodeIgniter\View\View->CodeIgniter\View\{closure}()
#3 C:\newproject\non-project\ci4 testing\system\Common.php(1097): CodeIgniter\View\View->render()
#4 C:\newproject\non-project\ci4 testing\app\Controllers\Home.php(14): view()
#5 C:\newproject\non-project\ci4 testing\system\CodeIgniter.php(824): App\Controllers\Home->index()
#6 C:\newproject\non-project\ci4 testing\system\CodeIgniter.php(410): CodeIgniter\CodeIgniter->runController()
#7 C:\newproject\non-project\ci4 testing\system\CodeIgniter.php(318): CodeIgniter\CodeIgniter->handleRequest()
#8 C:\newproject\non-project\ci4 testing\public\index.php(37): CodeIgniter\CodeIgniter->run()
#9 C:\newproject\non-project\ci4 testing\system\Commands\Server\rewrite.php(43): require_once('C:\\newproject\\n...')
#10 {main}
CRITICAL - 2021-11-29 02:32:41 --> Call to undefined function form_open()
#0 C:\newproject\non-project\ci4 testing\system\View\View.php(214): include()
#1 C:\newproject\non-project\ci4 testing\system\View\View.php(217): CodeIgniter\View\View->CodeIgniter\View\{closure}()
#2 C:\newproject\non-project\ci4 testing\system\Common.php(1097): CodeIgniter\View\View->render()
#3 C:\newproject\non-project\ci4 testing\app\Controllers\Home.php(14): view()
#4 C:\newproject\non-project\ci4 testing\system\CodeIgniter.php(824): App\Controllers\Home->index()
#5 C:\newproject\non-project\ci4 testing\system\CodeIgniter.php(410): CodeIgniter\CodeIgniter->runController()
#6 C:\newproject\non-project\ci4 testing\system\CodeIgniter.php(318): CodeIgniter\CodeIgniter->handleRequest()
#7 C:\newproject\non-project\ci4 testing\public\index.php(37): CodeIgniter\CodeIgniter->run()
#8 C:\newproject\non-project\ci4 testing\system\Commands\Server\rewrite.php(43): require_once('C:\\newproject\\n...')
#9 {main}
CRITICAL - 2021-11-29 02:34:11 --> Invalid file: device_confirmation.php
#0 C:\newproject\non-project\ci4 testing\system\View\View.php(198): CodeIgniter\Exceptions\FrameworkException::forInvalidFile()
#1 C:\newproject\non-project\ci4 testing\system\Common.php(1097): CodeIgniter\View\View->render()
#2 C:\newproject\non-project\ci4 testing\app\Controllers\Home.php(23): view()
#3 C:\newproject\non-project\ci4 testing\system\CodeIgniter.php(824): App\Controllers\Home->cek_login()
#4 C:\newproject\non-project\ci4 testing\system\CodeIgniter.php(410): CodeIgniter\CodeIgniter->runController()
#5 C:\newproject\non-project\ci4 testing\system\CodeIgniter.php(318): CodeIgniter\CodeIgniter->handleRequest()
#6 C:\newproject\non-project\ci4 testing\public\index.php(37): CodeIgniter\CodeIgniter->run()
#7 C:\newproject\non-project\ci4 testing\system\Commands\Server\rewrite.php(43): require_once('C:\\newproject\\n...')
#8 {main}
CRITICAL - 2021-11-29 19:51:47 --> Class 'CI_Controller' not found
#0 C:\newproject\non-project\ci4 testing\system\Router\Router.php(519): include_once()
#1 C:\newproject\non-project\ci4 testing\system\Router\Router.php(176): CodeIgniter\Router\Router->autoRoute()
#2 C:\newproject\non-project\ci4 testing\system\CodeIgniter.php(718): CodeIgniter\Router\Router->handle()
#3 C:\newproject\non-project\ci4 testing\system\CodeIgniter.php(359): CodeIgniter\CodeIgniter->tryToRouteIt()
#4 C:\newproject\non-project\ci4 testing\system\CodeIgniter.php(318): CodeIgniter\CodeIgniter->handleRequest()
#5 C:\newproject\non-project\ci4 testing\public\index.php(37): CodeIgniter\CodeIgniter->run()
#6 C:\newproject\non-project\ci4 testing\system\Commands\Server\rewrite.php(43): require_once('C:\\newproject\\n...')
#7 {main}
CRITICAL - 2021-11-29 19:52:07 --> Class 'CI_Controller' not found
#0 C:\newproject\non-project\ci4 testing\system\Router\Router.php(519): include_once()
#1 C:\newproject\non-project\ci4 testing\system\Router\Router.php(176): CodeIgniter\Router\Router->autoRoute()
#2 C:\newproject\non-project\ci4 testing\system\CodeIgniter.php(718): CodeIgniter\Router\Router->handle()
#3 C:\newproject\non-project\ci4 testing\system\CodeIgniter.php(359): CodeIgniter\CodeIgniter->tryToRouteIt()
#4 C:\newproject\non-project\ci4 testing\system\CodeIgniter.php(318): CodeIgniter\CodeIgniter->handleRequest()
#5 C:\newproject\non-project\ci4 testing\public\index.php(37): CodeIgniter\CodeIgniter->run()
#6 C:\newproject\non-project\ci4 testing\system\Commands\Server\rewrite.php(43): require_once('C:\\newproject\\n...')
#7 {main}
CRITICAL - 2021-11-29 19:52:08 --> Class 'CI_Controller' not found
#0 C:\newproject\non-project\ci4 testing\system\Router\Router.php(519): include_once()
#1 C:\newproject\non-project\ci4 testing\system\Router\Router.php(176): CodeIgniter\Router\Router->autoRoute()
#2 C:\newproject\non-project\ci4 testing\system\CodeIgniter.php(718): CodeIgniter\Router\Router->handle()
#3 C:\newproject\non-project\ci4 testing\system\CodeIgniter.php(359): CodeIgniter\CodeIgniter->tryToRouteIt()
#4 C:\newproject\non-project\ci4 testing\system\CodeIgniter.php(318): CodeIgniter\CodeIgniter->handleRequest()
#5 C:\newproject\non-project\ci4 testing\public\index.php(37): CodeIgniter\CodeIgniter->run()
#6 C:\newproject\non-project\ci4 testing\system\Commands\Server\rewrite.php(43): require_once('C:\\newproject\\n...')
#7 {main}
CRITICAL - 2021-11-29 19:52:10 --> Class 'CI_Controller' not found
#0 C:\newproject\non-project\ci4 testing\system\Router\Router.php(519): include_once()
#1 C:\newproject\non-project\ci4 testing\system\Router\Router.php(176): CodeIgniter\Router\Router->autoRoute()
#2 C:\newproject\non-project\ci4 testing\system\CodeIgniter.php(718): CodeIgniter\Router\Router->handle()
#3 C:\newproject\non-project\ci4 testing\system\CodeIgniter.php(359): CodeIgniter\CodeIgniter->tryToRouteIt()
#4 C:\newproject\non-project\ci4 testing\system\CodeIgniter.php(318): CodeIgniter\CodeIgniter->handleRequest()
#5 C:\newproject\non-project\ci4 testing\public\index.php(37): CodeIgniter\CodeIgniter->run()
#6 C:\newproject\non-project\ci4 testing\system\Commands\Server\rewrite.php(43): require_once('C:\\newproject\\n...')
#7 {main}
CRITICAL - 2021-11-29 19:52:26 --> Class 'App\Controllers\CI_Controller' not found
#0 C:\newproject\non-project\ci4 testing\system\Router\Router.php(519): include_once()
#1 C:\newproject\non-project\ci4 testing\system\Router\Router.php(176): CodeIgniter\Router\Router->autoRoute()
#2 C:\newproject\non-project\ci4 testing\system\CodeIgniter.php(718): CodeIgniter\Router\Router->handle()
#3 C:\newproject\non-project\ci4 testing\system\CodeIgniter.php(359): CodeIgniter\CodeIgniter->tryToRouteIt()
#4 C:\newproject\non-project\ci4 testing\system\CodeIgniter.php(318): CodeIgniter\CodeIgniter->handleRequest()
#5 C:\newproject\non-project\ci4 testing\public\index.php(37): CodeIgniter\CodeIgniter->run()
#6 C:\newproject\non-project\ci4 testing\system\Commands\Server\rewrite.php(43): require_once('C:\\newproject\\n...')
#7 {main}
CRITICAL - 2021-11-29 19:53:14 --> Cannot call constructor
#0 C:\newproject\non-project\ci4 testing\system\CodeIgniter.php(801): App\Controllers\Home->__construct()
#1 C:\newproject\non-project\ci4 testing\system\CodeIgniter.php(401): CodeIgniter\CodeIgniter->createController()
#2 C:\newproject\non-project\ci4 testing\system\CodeIgniter.php(318): CodeIgniter\CodeIgniter->handleRequest()
#3 C:\newproject\non-project\ci4 testing\public\index.php(37): CodeIgniter\CodeIgniter->run()
#4 C:\newproject\non-project\ci4 testing\system\Commands\Server\rewrite.php(43): require_once('C:\\newproject\\n...')
#5 {main}
CRITICAL - 2021-11-29 19:54:00 --> Undefined property: App\Controllers\Home::$load
#0 C:\newproject\non-project\ci4 testing\app\Controllers\Home.php(10): CodeIgniter\Debug\Exceptions->errorHandler()
#1 C:\newproject\non-project\ci4 testing\system\CodeIgniter.php(801): App\Controllers\Home->__construct()
#2 C:\newproject\non-project\ci4 testing\system\CodeIgniter.php(401): CodeIgniter\CodeIgniter->createController()
#3 C:\newproject\non-project\ci4 testing\system\CodeIgniter.php(318): CodeIgniter\CodeIgniter->handleRequest()
#4 C:\newproject\non-project\ci4 testing\public\index.php(37): CodeIgniter\CodeIgniter->run()
#5 C:\newproject\non-project\ci4 testing\system\Commands\Server\rewrite.php(43): require_once('C:\\newproject\\n...')
#6 {main}
CRITICAL - 2021-11-29 19:54:39 --> Class 'App\Controllers\CI_Controller' not found
#0 C:\newproject\non-project\ci4 testing\system\Router\Router.php(519): include_once()
#1 C:\newproject\non-project\ci4 testing\system\Router\Router.php(176): CodeIgniter\Router\Router->autoRoute()
#2 C:\newproject\non-project\ci4 testing\system\CodeIgniter.php(718): CodeIgniter\Router\Router->handle()
#3 C:\newproject\non-project\ci4 testing\system\CodeIgniter.php(359): CodeIgniter\CodeIgniter->tryToRouteIt()
#4 C:\newproject\non-project\ci4 testing\system\CodeIgniter.php(318): CodeIgniter\CodeIgniter->handleRequest()
#5 C:\newproject\non-project\ci4 testing\public\index.php(37): CodeIgniter\CodeIgniter->run()
#6 C:\newproject\non-project\ci4 testing\system\Commands\Server\rewrite.php(43): require_once('C:\\newproject\\n...')
#7 {main}
CRITICAL - 2021-11-29 19:54:41 --> Class 'App\Controllers\CI_Controller' not found
#0 C:\newproject\non-project\ci4 testing\system\Router\Router.php(519): include_once()
#1 C:\newproject\non-project\ci4 testing\system\Router\Router.php(176): CodeIgniter\Router\Router->autoRoute()
#2 C:\newproject\non-project\ci4 testing\system\CodeIgniter.php(718): CodeIgniter\Router\Router->handle()
#3 C:\newproject\non-project\ci4 testing\system\CodeIgniter.php(359): CodeIgniter\CodeIgniter->tryToRouteIt()
#4 C:\newproject\non-project\ci4 testing\system\CodeIgniter.php(318): CodeIgniter\CodeIgniter->handleRequest()
#5 C:\newproject\non-project\ci4 testing\public\index.php(37): CodeIgniter\CodeIgniter->run()
#6 C:\newproject\non-project\ci4 testing\system\Commands\Server\rewrite.php(43): require_once('C:\\newproject\\n...')
#7 {main}
CRITICAL - 2021-11-29 19:55:09 --> Class 'App\Controllers\CI_Controller' not found
#0 C:\newproject\non-project\ci4 testing\system\Router\Router.php(519): include_once()
#1 C:\newproject\non-project\ci4 testing\system\Router\Router.php(176): CodeIgniter\Router\Router->autoRoute()
#2 C:\newproject\non-project\ci4 testing\system\CodeIgniter.php(718): CodeIgniter\Router\Router->handle()
#3 C:\newproject\non-project\ci4 testing\system\CodeIgniter.php(359): CodeIgniter\CodeIgniter->tryToRouteIt()
#4 C:\newproject\non-project\ci4 testing\system\CodeIgniter.php(318): CodeIgniter\CodeIgniter->handleRequest()
#5 C:\newproject\non-project\ci4 testing\public\index.php(37): CodeIgniter\CodeIgniter->run()
#6 C:\newproject\non-project\ci4 testing\system\Commands\Server\rewrite.php(43): require_once('C:\\newproject\\n...')
#7 {main}
CRITICAL - 2021-11-29 19:55:47 --> Cannot call constructor
#0 C:\newproject\non-project\ci4 testing\system\CodeIgniter.php(801): App\Controllers\Encryption_Tutorial->__construct()
#1 C:\newproject\non-project\ci4 testing\system\CodeIgniter.php(401): CodeIgniter\CodeIgniter->createController()
#2 C:\newproject\non-project\ci4 testing\system\CodeIgniter.php(318): CodeIgniter\CodeIgniter->handleRequest()
#3 C:\newproject\non-project\ci4 testing\public\index.php(37): CodeIgniter\CodeIgniter->run()
#4 C:\newproject\non-project\ci4 testing\system\Commands\Server\rewrite.php(43): require_once('C:\\newproject\\n...')
#5 {main}
CRITICAL - 2021-11-29 20:03:50 --> Class 'App\Models\Konfigurasi_model' not found
#0 C:\newproject\non-project\ci4 testing\system\View\View.php(214): include()
#1 C:\newproject\non-project\ci4 testing\system\View\View.php(217): CodeIgniter\View\View->CodeIgniter\View\{closure}()
#2 C:\newproject\non-project\ci4 testing\system\Common.php(1097): CodeIgniter\View\View->render()
#3 C:\newproject\non-project\ci4 testing\app\Controllers\Home.php(10): view()
#4 C:\newproject\non-project\ci4 testing\system\CodeIgniter.php(824): App\Controllers\Home->index()
#5 C:\newproject\non-project\ci4 testing\system\CodeIgniter.php(410): CodeIgniter\CodeIgniter->runController()
#6 C:\newproject\non-project\ci4 testing\system\CodeIgniter.php(318): CodeIgniter\CodeIgniter->handleRequest()
#7 C:\newproject\non-project\ci4 testing\public\index.php(37): CodeIgniter\CodeIgniter->run()
#8 C:\newproject\non-project\ci4 testing\system\Commands\Server\rewrite.php(43): require_once('C:\\newproject\\n...')
#9 {main}
CRITICAL - 2021-11-29 20:03:55 --> Class 'App\Models\Konfigurasi_model' not found
#0 C:\newproject\non-project\ci4 testing\system\View\View.php(214): include()
#1 C:\newproject\non-project\ci4 testing\system\View\View.php(217): CodeIgniter\View\View->CodeIgniter\View\{closure}()
#2 C:\newproject\non-project\ci4 testing\system\Common.php(1097): CodeIgniter\View\View->render()
#3 C:\newproject\non-project\ci4 testing\app\Controllers\Home.php(10): view()
#4 C:\newproject\non-project\ci4 testing\system\CodeIgniter.php(824): App\Controllers\Home->index()
#5 C:\newproject\non-project\ci4 testing\system\CodeIgniter.php(410): CodeIgniter\CodeIgniter->runController()
#6 C:\newproject\non-project\ci4 testing\system\CodeIgniter.php(318): CodeIgniter\CodeIgniter->handleRequest()
#7 C:\newproject\non-project\ci4 testing\public\index.php(37): CodeIgniter\CodeIgniter->run()
#8 C:\newproject\non-project\ci4 testing\system\Commands\Server\rewrite.php(43): require_once('C:\\newproject\\n...')
#9 {main}
CRITICAL - 2021-11-29 20:04:12 --> Undefined variable: title
#0 C:\newproject\non-project\ci4 testing\app\Views\form_insert.php(9): CodeIgniter\Debug\Exceptions->errorHandler()
#1 C:\newproject\non-project\ci4 testing\system\View\View.php(214): include('C:\\newproject\\n...')
#2 C:\newproject\non-project\ci4 testing\system\View\View.php(217): CodeIgniter\View\View->CodeIgniter\View\{closure}()
#3 C:\newproject\non-project\ci4 testing\system\Common.php(1097): CodeIgniter\View\View->render()
#4 C:\newproject\non-project\ci4 testing\app\Controllers\Home.php(10): view()
#5 C:\newproject\non-project\ci4 testing\system\CodeIgniter.php(824): App\Controllers\Home->index()
#6 C:\newproject\non-project\ci4 testing\system\CodeIgniter.php(410): CodeIgniter\CodeIgniter->runController()
#7 C:\newproject\non-project\ci4 testing\system\CodeIgniter.php(318): CodeIgniter\CodeIgniter->handleRequest()
#8 C:\newproject\non-project\ci4 testing\public\index.php(37): CodeIgniter\CodeIgniter->run()
#9 C:\newproject\non-project\ci4 testing\system\Commands\Server\rewrite.php(43): require_once('C:\\newproject\\n...')
#10 {main}
CRITICAL - 2021-11-29 20:04:29 --> Undefined variable: description
#0 C:\newproject\non-project\ci4 testing\app\Views\form_insert.php(10): CodeIgniter\Debug\Exceptions->errorHandler()
#1 C:\newproject\non-project\ci4 testing\system\View\View.php(214): include('C:\\newproject\\n...')
#2 C:\newproject\non-project\ci4 testing\system\View\View.php(217): CodeIgniter\View\View->CodeIgniter\View\{closure}()
#3 C:\newproject\non-project\ci4 testing\system\Common.php(1097): CodeIgniter\View\View->render()
#4 C:\newproject\non-project\ci4 testing\app\Controllers\Home.php(10): view()
#5 C:\newproject\non-project\ci4 testing\system\CodeIgniter.php(824): App\Controllers\Home->index()
#6 C:\newproject\non-project\ci4 testing\system\CodeIgniter.php(410): CodeIgniter\CodeIgniter->runController()
#7 C:\newproject\non-project\ci4 testing\system\CodeIgniter.php(318): CodeIgniter\CodeIgniter->handleRequest()
#8 C:\newproject\non-project\ci4 testing\public\index.php(37): CodeIgniter\CodeIgniter->run()
#9 C:\newproject\non-project\ci4 testing\system\Commands\Server\rewrite.php(43): require_once('C:\\newproject\\n...')
#10 {main}
CRITICAL - 2021-11-29 20:04:59 --> Undefined variable: alert
#0 C:\newproject\non-project\ci4 testing\app\Views\form_insert.php(40): CodeIgniter\Debug\Exceptions->errorHandler()
#1 C:\newproject\non-project\ci4 testing\system\View\View.php(214): include('C:\\newproject\\n...')
#2 C:\newproject\non-project\ci4 testing\system\View\View.php(217): CodeIgniter\View\View->CodeIgniter\View\{closure}()
#3 C:\newproject\non-project\ci4 testing\system\Common.php(1097): CodeIgniter\View\View->render()
#4 C:\newproject\non-project\ci4 testing\app\Controllers\Home.php(10): view()
#5 C:\newproject\non-project\ci4 testing\system\CodeIgniter.php(824): App\Controllers\Home->index()
#6 C:\newproject\non-project\ci4 testing\system\CodeIgniter.php(410): CodeIgniter\CodeIgniter->runController()
#7 C:\newproject\non-project\ci4 testing\system\CodeIgniter.php(318): CodeIgniter\CodeIgniter->handleRequest()
#8 C:\newproject\non-project\ci4 testing\public\index.php(37): CodeIgniter\CodeIgniter->run()
#9 C:\newproject\non-project\ci4 testing\system\Commands\Server\rewrite.php(43): require_once('C:\\newproject\\n...')
#10 {main}
CRITICAL - 2021-11-29 20:05:01 --> Undefined variable: alert
#0 C:\newproject\non-project\ci4 testing\app\Views\form_insert.php(40): CodeIgniter\Debug\Exceptions->errorHandler()
#1 C:\newproject\non-project\ci4 testing\system\View\View.php(214): include('C:\\newproject\\n...')
#2 C:\newproject\non-project\ci4 testing\system\View\View.php(217): CodeIgniter\View\View->CodeIgniter\View\{closure}()
#3 C:\newproject\non-project\ci4 testing\system\Common.php(1097): CodeIgniter\View\View->render()
#4 C:\newproject\non-project\ci4 testing\app\Controllers\Home.php(10): view()
#5 C:\newproject\non-project\ci4 testing\system\CodeIgniter.php(824): App\Controllers\Home->index()
#6 C:\newproject\non-project\ci4 testing\system\CodeIgniter.php(410): CodeIgniter\CodeIgniter->runController()
#7 C:\newproject\non-project\ci4 testing\system\CodeIgniter.php(318): CodeIgniter\CodeIgniter->handleRequest()
#8 C:\newproject\non-project\ci4 testing\public\index.php(37): CodeIgniter\CodeIgniter->run()
#9 C:\newproject\non-project\ci4 testing\system\Commands\Server\rewrite.php(43): require_once('C:\\newproject\\n...')
#10 {main}
CRITICAL - 2021-11-29 20:05:12 --> Call to undefined function form_open()
#0 C:\newproject\non-project\ci4 testing\system\View\View.php(214): include()
#1 C:\newproject\non-project\ci4 testing\system\View\View.php(217): CodeIgniter\View\View->CodeIgniter\View\{closure}()
#2 C:\newproject\non-project\ci4 testing\system\Common.php(1097): CodeIgniter\View\View->render()
#3 C:\newproject\non-project\ci4 testing\app\Controllers\Home.php(10): view()
#4 C:\newproject\non-project\ci4 testing\system\CodeIgniter.php(824): App\Controllers\Home->index()
#5 C:\newproject\non-project\ci4 testing\system\CodeIgniter.php(410): CodeIgniter\CodeIgniter->runController()
#6 C:\newproject\non-project\ci4 testing\system\CodeIgniter.php(318): CodeIgniter\CodeIgniter->handleRequest()
#7 C:\newproject\non-project\ci4 testing\public\index.php(37): CodeIgniter\CodeIgniter->run()
#8 C:\newproject\non-project\ci4 testing\system\Commands\Server\rewrite.php(43): require_once('C:\\newproject\\n...')
#9 {main}
CRITICAL - 2021-11-29 20:06:21 --> Undefined property: CodeIgniter\View\View::$load
#0 C:\newproject\non-project\ci4 testing\app\Views\form_insert.php(3): CodeIgniter\Debug\Exceptions->errorHandler()
#1 C:\newproject\non-project\ci4 testing\system\View\View.php(214): include('C:\\newproject\\n...')
#2 C:\newproject\non-project\ci4 testing\system\View\View.php(217): CodeIgniter\View\View->CodeIgniter\View\{closure}()
#3 C:\newproject\non-project\ci4 testing\system\Common.php(1097): CodeIgniter\View\View->render()
#4 C:\newproject\non-project\ci4 testing\app\Controllers\Home.php(10): view()
#5 C:\newproject\non-project\ci4 testing\system\CodeIgniter.php(824): App\Controllers\Home->index()
#6 C:\newproject\non-project\ci4 testing\system\CodeIgniter.php(410): CodeIgniter\CodeIgniter->runController()
#7 C:\newproject\non-project\ci4 testing\system\CodeIgniter.php(318): CodeIgniter\CodeIgniter->handleRequest()
#8 C:\newproject\non-project\ci4 testing\public\index.php(37): CodeIgniter\CodeIgniter->run()
#9 C:\newproject\non-project\ci4 testing\system\Commands\Server\rewrite.php(43): require_once('C:\\newproject\\n...')
#10 {main}
CRITICAL - 2021-11-29 20:06:35 --> Undefined property: App\Controllers\Home::$load
#0 C:\newproject\non-project\ci4 testing\app\Controllers\Home.php(9): CodeIgniter\Debug\Exceptions->errorHandler()
#1 C:\newproject\non-project\ci4 testing\system\CodeIgniter.php(824): App\Controllers\Home->index()
#2 C:\newproject\non-project\ci4 testing\system\CodeIgniter.php(410): CodeIgniter\CodeIgniter->runController()
#3 C:\newproject\non-project\ci4 testing\system\CodeIgniter.php(318): CodeIgniter\CodeIgniter->handleRequest()
#4 C:\newproject\non-project\ci4 testing\public\index.php(37): CodeIgniter\CodeIgniter->run()
#5 C:\newproject\non-project\ci4 testing\system\Commands\Server\rewrite.php(43): require_once('C:\\newproject\\n...')
#6 {main}
CRITICAL - 2021-11-29 20:06:57 --> Undefined property: App\Controllers\Home::$load
#0 C:\newproject\non-project\ci4 testing\app\Controllers\Home.php(10): CodeIgniter\Debug\Exceptions->errorHandler()
#1 C:\newproject\non-project\ci4 testing\system\CodeIgniter.php(824): App\Controllers\Home->index()
#2 C:\newproject\non-project\ci4 testing\system\CodeIgniter.php(410): CodeIgniter\CodeIgniter->runController()
#3 C:\newproject\non-project\ci4 testing\system\CodeIgniter.php(318): CodeIgniter\CodeIgniter->handleRequest()
#4 C:\newproject\non-project\ci4 testing\public\index.php(37): CodeIgniter\CodeIgniter->run()
#5 C:\newproject\non-project\ci4 testing\system\Commands\Server\rewrite.php(43): require_once('C:\\newproject\\n...')
#6 {main}
CRITICAL - 2021-11-29 20:07:18 --> Undefined property: App\Controllers\Home::$load
#0 C:\newproject\non-project\ci4 testing\app\Controllers\Home.php(10): CodeIgniter\Debug\Exceptions->errorHandler()
#1 C:\newproject\non-project\ci4 testing\system\CodeIgniter.php(824): App\Controllers\Home->index()
#2 C:\newproject\non-project\ci4 testing\system\CodeIgniter.php(410): CodeIgniter\CodeIgniter->runController()
#3 C:\newproject\non-project\ci4 testing\system\CodeIgniter.php(318): CodeIgniter\CodeIgniter->handleRequest()
#4 C:\newproject\non-project\ci4 testing\public\index.php(37): CodeIgniter\CodeIgniter->run()
#5 C:\newproject\non-project\ci4 testing\system\Commands\Server\rewrite.php(43): require_once('C:\\newproject\\n...')
#6 {main}
CRITICAL - 2021-11-29 20:07:19 --> Undefined property: App\Controllers\Home::$load
#0 C:\newproject\non-project\ci4 testing\app\Controllers\Home.php(10): CodeIgniter\Debug\Exceptions->errorHandler()
#1 C:\newproject\non-project\ci4 testing\system\CodeIgniter.php(824): App\Controllers\Home->index()
#2 C:\newproject\non-project\ci4 testing\system\CodeIgniter.php(410): CodeIgniter\CodeIgniter->runController()
#3 C:\newproject\non-project\ci4 testing\system\CodeIgniter.php(318): CodeIgniter\CodeIgniter->handleRequest()
#4 C:\newproject\non-project\ci4 testing\public\index.php(37): CodeIgniter\CodeIgniter->run()
#5 C:\newproject\non-project\ci4 testing\system\Commands\Server\rewrite.php(43): require_once('C:\\newproject\\n...')
#6 {main}
CRITICAL - 2021-11-29 20:07:26 --> Undefined variable: session
#0 C:\newproject\non-project\ci4 testing\app\Views\form_insert.php(87): CodeIgniter\Debug\Exceptions->errorHandler()
#1 C:\newproject\non-project\ci4 testing\system\View\View.php(214): include('C:\\newproject\\n...')
#2 C:\newproject\non-project\ci4 testing\system\View\View.php(217): CodeIgniter\View\View->CodeIgniter\View\{closure}()
#3 C:\newproject\non-project\ci4 testing\system\Common.php(1097): CodeIgniter\View\View->render()
#4 C:\newproject\non-project\ci4 testing\app\Controllers\Home.php(15): view()
#5 C:\newproject\non-project\ci4 testing\system\CodeIgniter.php(824): App\Controllers\Home->index()
#6 C:\newproject\non-project\ci4 testing\system\CodeIgniter.php(410): CodeIgniter\CodeIgniter->runController()
#7 C:\newproject\non-project\ci4 testing\system\CodeIgniter.php(318): CodeIgniter\CodeIgniter->handleRequest()
#8 C:\newproject\non-project\ci4 testing\public\index.php(37): CodeIgniter\CodeIgniter->run()
#9 C:\newproject\non-project\ci4 testing\system\Commands\Server\rewrite.php(43): require_once('C:\\newproject\\n...')
#10 {main}
CRITICAL - 2021-11-29 20:10:40 --> Cannot redeclare App\Controllers\Home::index()
#0 [internal function]: CodeIgniter\Debug\Exceptions->shutdownHandler()
#1 {main}
CRITICAL - 2021-11-29 20:16:11 --> Call to undefined function App\Controllers\force_ssl()
#0 C:\newproject\non-project\ci4 testing\system\CodeIgniter.php(801): App\Controllers\Home->__construct()
#1 C:\newproject\non-project\ci4 testing\system\CodeIgniter.php(401): CodeIgniter\CodeIgniter->createController()
#2 C:\newproject\non-project\ci4 testing\system\CodeIgniter.php(318): CodeIgniter\CodeIgniter->handleRequest()
#3 C:\newproject\non-project\ci4 testing\public\index.php(37): CodeIgniter\CodeIgniter->run()
#4 C:\newproject\non-project\ci4 testing\system\Commands\Server\rewrite.php(43): require_once('C:\\newproject\\n...')
#5 {main}
CRITICAL - 2021-11-29 20:16:13 --> Call to undefined function App\Controllers\force_ssl()
#0 C:\newproject\non-project\ci4 testing\system\CodeIgniter.php(801): App\Controllers\Home->__construct()
#1 C:\newproject\non-project\ci4 testing\system\CodeIgniter.php(401): CodeIgniter\CodeIgniter->createController()
#2 C:\newproject\non-project\ci4 testing\system\CodeIgniter.php(318): CodeIgniter\CodeIgniter->handleRequest()
#3 C:\newproject\non-project\ci4 testing\public\index.php(37): CodeIgniter\CodeIgniter->run()
#4 C:\newproject\non-project\ci4 testing\system\Commands\Server\rewrite.php(43): require_once('C:\\newproject\\n...')
#5 {main}
CRITICAL - 2021-11-29 20:37:47 --> Call to undefined function mcrypt_create_iv()
#0 C:\newproject\non-project\ci4 testing\app\Views\form_insert.php(55): doEncrypt()
#1 C:\newproject\non-project\ci4 testing\system\View\View.php(214): include('C:\\newproject\\n...')
#2 C:\newproject\non-project\ci4 testing\system\View\View.php(217): CodeIgniter\View\View->CodeIgniter\View\{closure}()
#3 C:\newproject\non-project\ci4 testing\system\Common.php(1097): CodeIgniter\View\View->render()
#4 C:\newproject\non-project\ci4 testing\app\Controllers\Home.php(16): view()
#5 C:\newproject\non-project\ci4 testing\system\CodeIgniter.php(824): App\Controllers\Home->index()
#6 C:\newproject\non-project\ci4 testing\system\CodeIgniter.php(410): CodeIgniter\CodeIgniter->runController()
#7 C:\newproject\non-project\ci4 testing\system\CodeIgniter.php(318): CodeIgniter\CodeIgniter->handleRequest()
#8 C:\newproject\non-project\ci4 testing\public\index.php(37): CodeIgniter\CodeIgniter->run()
#9 C:\newproject\non-project\ci4 testing\system\Commands\Server\rewrite.php(43): require_once('C:\\newproject\\n...')
#10 {main}
CRITICAL - 2021-11-29 20:58:43 --> Undefined variable: encoded
#0 C:\newproject\non-project\ci4 testing\app\Views\form_insert.php(44): CodeIgniter\Debug\Exceptions->errorHandler()
#1 C:\newproject\non-project\ci4 testing\system\View\View.php(214): include('C:\\newproject\\n...')
#2 C:\newproject\non-project\ci4 testing\system\View\View.php(217): CodeIgniter\View\View->CodeIgniter\View\{closure}()
#3 C:\newproject\non-project\ci4 testing\system\Common.php(1097): CodeIgniter\View\View->render()
#4 C:\newproject\non-project\ci4 testing\app\Controllers\Home.php(16): view()
#5 C:\newproject\non-project\ci4 testing\system\CodeIgniter.php(824): App\Controllers\Home->index()
#6 C:\newproject\non-project\ci4 testing\system\CodeIgniter.php(410): CodeIgniter\CodeIgniter->runController()
#7 C:\newproject\non-project\ci4 testing\system\CodeIgniter.php(318): CodeIgniter\CodeIgniter->handleRequest()
#8 C:\newproject\non-project\ci4 testing\public\index.php(37): CodeIgniter\CodeIgniter->run()
#9 C:\newproject\non-project\ci4 testing\system\Commands\Server\rewrite.php(43): require_once('C:\\newproject\\n...')
#10 {main}
CRITICAL - 2021-11-29 20:59:14 --> Undefined variable: nonceValue
#0 C:\newproject\non-project\ci4 testing\app\Views\form_insert.php(106): CodeIgniter\Debug\Exceptions->errorHandler()
#1 C:\newproject\non-project\ci4 testing\system\View\View.php(214): include('C:\\newproject\\n...')
#2 C:\newproject\non-project\ci4 testing\system\View\View.php(217): CodeIgniter\View\View->CodeIgniter\View\{closure}()
#3 C:\newproject\non-project\ci4 testing\system\Common.php(1097): CodeIgniter\View\View->render()
#4 C:\newproject\non-project\ci4 testing\app\Controllers\Home.php(16): view()
#5 C:\newproject\non-project\ci4 testing\system\CodeIgniter.php(824): App\Controllers\Home->index()
#6 C:\newproject\non-project\ci4 testing\system\CodeIgniter.php(410): CodeIgniter\CodeIgniter->runController()
#7 C:\newproject\non-project\ci4 testing\system\CodeIgniter.php(318): CodeIgniter\CodeIgniter->handleRequest()
#8 C:\newproject\non-project\ci4 testing\public\index.php(37): CodeIgniter\CodeIgniter->run()
#9 C:\newproject\non-project\ci4 testing\system\Commands\Server\rewrite.php(43): require_once('C:\\newproject\\n...')
#10 {main}
