CRITICAL - 2021-11-21 20:08:38 --> Class 'App\Controllers\CI_Controller' not found
#0 C:\newproject\non-project\ci4 testing\system\Autoloader\Autoloader.php(264): include_once()
#1 C:\newproject\non-project\ci4 testing\system\Autoloader\Autoloader.php(241): CodeIgniter\Autoloader\Autoloader->includeFile()
#2 C:\newproject\non-project\ci4 testing\system\Autoloader\Autoloader.php(219): CodeIgniter\Autoloader\Autoloader->loadInNamespace()
#3 [internal function]: CodeIgniter\Autoloader\Autoloader->loadClass()
#4 [internal function]: spl_autoload_call()
#5 C:\newproject\non-project\ci4 testing\system\CodeIgniter.php(789): class_exists()
#6 C:\newproject\non-project\ci4 testing\system\CodeIgniter.php(397): CodeIgniter\CodeIgniter->startController()
#7 C:\newproject\non-project\ci4 testing\system\CodeIgniter.php(318): CodeIgniter\CodeIgniter->handleRequest()
#8 C:\newproject\non-project\ci4 testing\public\index.php(37): CodeIgniter\CodeIgniter->run()
#9 C:\newproject\non-project\ci4 testing\system\Commands\Server\rewrite.php(43): require_once('C:\\newproject\\n...')
#10 {main}
CRITICAL - 2021-11-21 20:08:42 --> Invalid argument supplied for foreach()
#0 C:\newproject\non-project\ci4 testing\app\Views\test_json.php(8): CodeIgniter\Debug\Exceptions->errorHandler()
#1 C:\newproject\non-project\ci4 testing\system\View\View.php(214): include('C:\\newproject\\n...')
#2 C:\newproject\non-project\ci4 testing\system\View\View.php(217): CodeIgniter\View\View->CodeIgniter\View\{closure}()
#3 C:\newproject\non-project\ci4 testing\system\Common.php(1097): CodeIgniter\View\View->render()
#4 C:\newproject\non-project\ci4 testing\app\Controllers\Json.php(9): view()
#5 C:\newproject\non-project\ci4 testing\system\CodeIgniter.php(824): App\Controllers\Json->index()
#6 C:\newproject\non-project\ci4 testing\system\CodeIgniter.php(410): CodeIgniter\CodeIgniter->runController()
#7 C:\newproject\non-project\ci4 testing\system\CodeIgniter.php(318): CodeIgniter\CodeIgniter->handleRequest()
#8 C:\newproject\non-project\ci4 testing\public\index.php(37): CodeIgniter\CodeIgniter->run()
#9 C:\newproject\non-project\ci4 testing\system\Commands\Server\rewrite.php(43): require_once('C:\\newproject\\n...')
#10 {main}
CRITICAL - 2021-11-21 20:09:21 --> Invalid argument supplied for foreach()
#0 C:\newproject\non-project\ci4 testing\app\Views\test_json.php(8): CodeIgniter\Debug\Exceptions->errorHandler()
#1 C:\newproject\non-project\ci4 testing\system\View\View.php(214): include('C:\\newproject\\n...')
#2 C:\newproject\non-project\ci4 testing\system\View\View.php(217): CodeIgniter\View\View->CodeIgniter\View\{closure}()
#3 C:\newproject\non-project\ci4 testing\system\Common.php(1097): CodeIgniter\View\View->render()
#4 C:\newproject\non-project\ci4 testing\app\Controllers\Json.php(9): view()
#5 C:\newproject\non-project\ci4 testing\system\CodeIgniter.php(824): App\Controllers\Json->index()
#6 C:\newproject\non-project\ci4 testing\system\CodeIgniter.php(410): CodeIgniter\CodeIgniter->runController()
#7 C:\newproject\non-project\ci4 testing\system\CodeIgniter.php(318): CodeIgniter\CodeIgniter->handleRequest()
#8 C:\newproject\non-project\ci4 testing\public\index.php(37): CodeIgniter\CodeIgniter->run()
#9 C:\newproject\non-project\ci4 testing\system\Commands\Server\rewrite.php(43): require_once('C:\\newproject\\n...')
#10 {main}
CRITICAL - 2021-11-21 20:09:49 --> Invalid argument supplied for foreach()
#0 C:\newproject\non-project\ci4 testing\app\Views\test_json.php(8): CodeIgniter\Debug\Exceptions->errorHandler()
#1 C:\newproject\non-project\ci4 testing\system\View\View.php(214): include('C:\\newproject\\n...')
#2 C:\newproject\non-project\ci4 testing\system\View\View.php(217): CodeIgniter\View\View->CodeIgniter\View\{closure}()
#3 C:\newproject\non-project\ci4 testing\system\Common.php(1097): CodeIgniter\View\View->render()
#4 C:\newproject\non-project\ci4 testing\app\Controllers\Json.php(9): view()
#5 C:\newproject\non-project\ci4 testing\system\CodeIgniter.php(824): App\Controllers\Json->index()
#6 C:\newproject\non-project\ci4 testing\system\CodeIgniter.php(410): CodeIgniter\CodeIgniter->runController()
#7 C:\newproject\non-project\ci4 testing\system\CodeIgniter.php(318): CodeIgniter\CodeIgniter->handleRequest()
#8 C:\newproject\non-project\ci4 testing\public\index.php(37): CodeIgniter\CodeIgniter->run()
#9 C:\newproject\non-project\ci4 testing\system\Commands\Server\rewrite.php(43): require_once('C:\\newproject\\n...')
#10 {main}
CRITICAL - 2021-11-21 20:09:51 --> Invalid argument supplied for foreach()
#0 C:\newproject\non-project\ci4 testing\app\Views\test_json.php(8): CodeIgniter\Debug\Exceptions->errorHandler()
#1 C:\newproject\non-project\ci4 testing\system\View\View.php(214): include('C:\\newproject\\n...')
#2 C:\newproject\non-project\ci4 testing\system\View\View.php(217): CodeIgniter\View\View->CodeIgniter\View\{closure}()
#3 C:\newproject\non-project\ci4 testing\system\Common.php(1097): CodeIgniter\View\View->render()
#4 C:\newproject\non-project\ci4 testing\app\Controllers\Json.php(9): view()
#5 C:\newproject\non-project\ci4 testing\system\CodeIgniter.php(824): App\Controllers\Json->index()
#6 C:\newproject\non-project\ci4 testing\system\CodeIgniter.php(410): CodeIgniter\CodeIgniter->runController()
#7 C:\newproject\non-project\ci4 testing\system\CodeIgniter.php(318): CodeIgniter\CodeIgniter->handleRequest()
#8 C:\newproject\non-project\ci4 testing\public\index.php(37): CodeIgniter\CodeIgniter->run()
#9 C:\newproject\non-project\ci4 testing\system\Commands\Server\rewrite.php(43): require_once('C:\\newproject\\n...')
#10 {main}
CRITICAL - 2021-11-21 20:10:26 --> Invalid argument supplied for foreach()
#0 C:\newproject\non-project\ci4 testing\app\Views\json.php(8): CodeIgniter\Debug\Exceptions->errorHandler()
#1 C:\newproject\non-project\ci4 testing\system\View\View.php(214): include('C:\\newproject\\n...')
#2 C:\newproject\non-project\ci4 testing\system\View\View.php(217): CodeIgniter\View\View->CodeIgniter\View\{closure}()
#3 C:\newproject\non-project\ci4 testing\system\Common.php(1097): CodeIgniter\View\View->render()
#4 C:\newproject\non-project\ci4 testing\app\Controllers\Json.php(9): view()
#5 C:\newproject\non-project\ci4 testing\system\CodeIgniter.php(824): App\Controllers\Json->index()
#6 C:\newproject\non-project\ci4 testing\system\CodeIgniter.php(410): CodeIgniter\CodeIgniter->runController()
#7 C:\newproject\non-project\ci4 testing\system\CodeIgniter.php(318): CodeIgniter\CodeIgniter->handleRequest()
#8 C:\newproject\non-project\ci4 testing\public\index.php(37): CodeIgniter\CodeIgniter->run()
#9 C:\newproject\non-project\ci4 testing\system\Commands\Server\rewrite.php(43): require_once('C:\\newproject\\n...')
#10 {main}
CRITICAL - 2021-11-21 20:10:44 --> Invalid argument supplied for foreach()
#0 C:\newproject\non-project\ci4 testing\app\Views\json.php(8): CodeIgniter\Debug\Exceptions->errorHandler()
#1 C:\newproject\non-project\ci4 testing\system\View\View.php(214): include('C:\\newproject\\n...')
#2 C:\newproject\non-project\ci4 testing\system\View\View.php(217): CodeIgniter\View\View->CodeIgniter\View\{closure}()
#3 C:\newproject\non-project\ci4 testing\system\Common.php(1097): CodeIgniter\View\View->render()
#4 C:\newproject\non-project\ci4 testing\app\Controllers\Json.php(9): view()
#5 C:\newproject\non-project\ci4 testing\system\CodeIgniter.php(824): App\Controllers\Json->index()
#6 C:\newproject\non-project\ci4 testing\system\CodeIgniter.php(410): CodeIgniter\CodeIgniter->runController()
#7 C:\newproject\non-project\ci4 testing\system\CodeIgniter.php(318): CodeIgniter\CodeIgniter->handleRequest()
#8 C:\newproject\non-project\ci4 testing\public\index.php(37): CodeIgniter\CodeIgniter->run()
#9 C:\newproject\non-project\ci4 testing\system\Commands\Server\rewrite.php(43): require_once('C:\\newproject\\n...')
#10 {main}
CRITICAL - 2021-11-21 20:13:20 --> Invalid argument supplied for foreach()
#0 C:\newproject\non-project\ci4 testing\app\Views\json.php(8): CodeIgniter\Debug\Exceptions->errorHandler()
#1 C:\newproject\non-project\ci4 testing\system\View\View.php(214): include('C:\\newproject\\n...')
#2 C:\newproject\non-project\ci4 testing\system\View\View.php(217): CodeIgniter\View\View->CodeIgniter\View\{closure}()
#3 C:\newproject\non-project\ci4 testing\system\Common.php(1097): CodeIgniter\View\View->render()
#4 C:\newproject\non-project\ci4 testing\app\Controllers\Json.php(9): view()
#5 C:\newproject\non-project\ci4 testing\system\CodeIgniter.php(824): App\Controllers\Json->index()
#6 C:\newproject\non-project\ci4 testing\system\CodeIgniter.php(410): CodeIgniter\CodeIgniter->runController()
#7 C:\newproject\non-project\ci4 testing\system\CodeIgniter.php(318): CodeIgniter\CodeIgniter->handleRequest()
#8 C:\newproject\non-project\ci4 testing\public\index.php(37): CodeIgniter\CodeIgniter->run()
#9 C:\newproject\non-project\ci4 testing\system\Commands\Server\rewrite.php(43): require_once('C:\\newproject\\n...')
#10 {main}
CRITICAL - 2021-11-21 20:14:19 --> Invalid argument supplied for foreach()
#0 C:\newproject\non-project\ci4 testing\app\Views\json.php(8): CodeIgniter\Debug\Exceptions->errorHandler()
#1 C:\newproject\non-project\ci4 testing\system\View\View.php(214): include('C:\\newproject\\n...')
#2 C:\newproject\non-project\ci4 testing\system\View\View.php(217): CodeIgniter\View\View->CodeIgniter\View\{closure}()
#3 C:\newproject\non-project\ci4 testing\system\Common.php(1097): CodeIgniter\View\View->render()
#4 C:\newproject\non-project\ci4 testing\app\Controllers\Json.php(9): view()
#5 C:\newproject\non-project\ci4 testing\system\CodeIgniter.php(824): App\Controllers\Json->index()
#6 C:\newproject\non-project\ci4 testing\system\CodeIgniter.php(410): CodeIgniter\CodeIgniter->runController()
#7 C:\newproject\non-project\ci4 testing\system\CodeIgniter.php(318): CodeIgniter\CodeIgniter->handleRequest()
#8 C:\newproject\non-project\ci4 testing\public\index.php(37): CodeIgniter\CodeIgniter->run()
#9 C:\newproject\non-project\ci4 testing\system\Commands\Server\rewrite.php(43): require_once('C:\\newproject\\n...')
#10 {main}
CRITICAL - 2021-11-21 20:16:14 --> Invalid argument supplied for foreach()
#0 C:\newproject\non-project\ci4 testing\app\Views\json.php(8): CodeIgniter\Debug\Exceptions->errorHandler()
#1 C:\newproject\non-project\ci4 testing\system\View\View.php(214): include('C:\\newproject\\n...')
#2 C:\newproject\non-project\ci4 testing\system\View\View.php(217): CodeIgniter\View\View->CodeIgniter\View\{closure}()
#3 C:\newproject\non-project\ci4 testing\system\Common.php(1097): CodeIgniter\View\View->render()
#4 C:\newproject\non-project\ci4 testing\app\Controllers\Json.php(9): view()
#5 C:\newproject\non-project\ci4 testing\system\CodeIgniter.php(824): App\Controllers\Json->index()
#6 C:\newproject\non-project\ci4 testing\system\CodeIgniter.php(410): CodeIgniter\CodeIgniter->runController()
#7 C:\newproject\non-project\ci4 testing\system\CodeIgniter.php(318): CodeIgniter\CodeIgniter->handleRequest()
#8 C:\newproject\non-project\ci4 testing\public\index.php(37): CodeIgniter\CodeIgniter->run()
#9 C:\newproject\non-project\ci4 testing\system\Commands\Server\rewrite.php(43): require_once('C:\\newproject\\n...')
#10 {main}
CRITICAL - 2021-11-21 20:16:22 --> Invalid argument supplied for foreach()
#0 C:\newproject\non-project\ci4 testing\app\Views\json.php(8): CodeIgniter\Debug\Exceptions->errorHandler()
#1 C:\newproject\non-project\ci4 testing\system\View\View.php(214): include('C:\\newproject\\n...')
#2 C:\newproject\non-project\ci4 testing\system\View\View.php(217): CodeIgniter\View\View->CodeIgniter\View\{closure}()
#3 C:\newproject\non-project\ci4 testing\system\Common.php(1097): CodeIgniter\View\View->render()
#4 C:\newproject\non-project\ci4 testing\app\Controllers\Json.php(9): view()
#5 C:\newproject\non-project\ci4 testing\system\CodeIgniter.php(824): App\Controllers\Json->index()
#6 C:\newproject\non-project\ci4 testing\system\CodeIgniter.php(410): CodeIgniter\CodeIgniter->runController()
#7 C:\newproject\non-project\ci4 testing\system\CodeIgniter.php(318): CodeIgniter\CodeIgniter->handleRequest()
#8 C:\newproject\non-project\ci4 testing\public\index.php(37): CodeIgniter\CodeIgniter->run()
#9 C:\newproject\non-project\ci4 testing\system\Commands\Server\rewrite.php(43): require_once('C:\\newproject\\n...')
#10 {main}
CRITICAL - 2021-11-21 20:16:40 --> Invalid argument supplied for foreach()
#0 C:\newproject\non-project\ci4 testing\app\Views\json.php(8): CodeIgniter\Debug\Exceptions->errorHandler()
#1 C:\newproject\non-project\ci4 testing\system\View\View.php(214): include('C:\\newproject\\n...')
#2 C:\newproject\non-project\ci4 testing\system\View\View.php(217): CodeIgniter\View\View->CodeIgniter\View\{closure}()
#3 C:\newproject\non-project\ci4 testing\system\Common.php(1097): CodeIgniter\View\View->render()
#4 C:\newproject\non-project\ci4 testing\app\Controllers\Json.php(9): view()
#5 C:\newproject\non-project\ci4 testing\system\CodeIgniter.php(824): App\Controllers\Json->index()
#6 C:\newproject\non-project\ci4 testing\system\CodeIgniter.php(410): CodeIgniter\CodeIgniter->runController()
#7 C:\newproject\non-project\ci4 testing\system\CodeIgniter.php(318): CodeIgniter\CodeIgniter->handleRequest()
#8 C:\newproject\non-project\ci4 testing\public\index.php(37): CodeIgniter\CodeIgniter->run()
#9 C:\newproject\non-project\ci4 testing\system\Commands\Server\rewrite.php(43): require_once('C:\\newproject\\n...')
#10 {main}
CRITICAL - 2021-11-21 20:16:51 --> Invalid argument supplied for foreach()
#0 C:\newproject\non-project\ci4 testing\app\Views\json.php(8): CodeIgniter\Debug\Exceptions->errorHandler()
#1 C:\newproject\non-project\ci4 testing\system\View\View.php(214): include('C:\\newproject\\n...')
#2 C:\newproject\non-project\ci4 testing\system\View\View.php(217): CodeIgniter\View\View->CodeIgniter\View\{closure}()
#3 C:\newproject\non-project\ci4 testing\system\Common.php(1097): CodeIgniter\View\View->render()
#4 C:\newproject\non-project\ci4 testing\app\Controllers\Json.php(9): view()
#5 C:\newproject\non-project\ci4 testing\system\CodeIgniter.php(824): App\Controllers\Json->index()
#6 C:\newproject\non-project\ci4 testing\system\CodeIgniter.php(410): CodeIgniter\CodeIgniter->runController()
#7 C:\newproject\non-project\ci4 testing\system\CodeIgniter.php(318): CodeIgniter\CodeIgniter->handleRequest()
#8 C:\newproject\non-project\ci4 testing\public\index.php(37): CodeIgniter\CodeIgniter->run()
#9 C:\newproject\non-project\ci4 testing\system\Commands\Server\rewrite.php(43): require_once('C:\\newproject\\n...')
#10 {main}
CRITICAL - 2021-11-21 20:19:01 --> Call to a member function view() on null
#0 C:\newproject\non-project\ci4 testing\system\CodeIgniter.php(824): App\Controllers\Json->index()
#1 C:\newproject\non-project\ci4 testing\system\CodeIgniter.php(410): CodeIgniter\CodeIgniter->runController()
#2 C:\newproject\non-project\ci4 testing\system\CodeIgniter.php(318): CodeIgniter\CodeIgniter->handleRequest()
#3 C:\newproject\non-project\ci4 testing\public\index.php(37): CodeIgniter\CodeIgniter->run()
#4 C:\newproject\non-project\ci4 testing\system\Commands\Server\rewrite.php(43): require_once('C:\\newproject\\n...')
#5 {main}
CRITICAL - 2021-11-21 20:19:23 --> Call to a member function view() on null
#0 C:\newproject\non-project\ci4 testing\system\CodeIgniter.php(824): App\Controllers\Json->index()
#1 C:\newproject\non-project\ci4 testing\system\CodeIgniter.php(410): CodeIgniter\CodeIgniter->runController()
#2 C:\newproject\non-project\ci4 testing\system\CodeIgniter.php(318): CodeIgniter\CodeIgniter->handleRequest()
#3 C:\newproject\non-project\ci4 testing\public\index.php(37): CodeIgniter\CodeIgniter->run()
#4 C:\newproject\non-project\ci4 testing\system\Commands\Server\rewrite.php(43): require_once('C:\\newproject\\n...')
#5 {main}
CRITICAL - 2021-11-21 20:19:25 --> Call to a member function view() on null
#0 C:\newproject\non-project\ci4 testing\system\CodeIgniter.php(824): App\Controllers\Json->index()
#1 C:\newproject\non-project\ci4 testing\system\CodeIgniter.php(410): CodeIgniter\CodeIgniter->runController()
#2 C:\newproject\non-project\ci4 testing\system\CodeIgniter.php(318): CodeIgniter\CodeIgniter->handleRequest()
#3 C:\newproject\non-project\ci4 testing\public\index.php(37): CodeIgniter\CodeIgniter->run()
#4 C:\newproject\non-project\ci4 testing\system\Commands\Server\rewrite.php(43): require_once('C:\\newproject\\n...')
#5 {main}
CRITICAL - 2021-11-21 20:24:56 --> Call to a member function post() on null
#0 C:\newproject\non-project\ci4 testing\system\CodeIgniter.php(824): App\Controllers\Json->index()
#1 C:\newproject\non-project\ci4 testing\system\CodeIgniter.php(410): CodeIgniter\CodeIgniter->runController()
#2 C:\newproject\non-project\ci4 testing\system\CodeIgniter.php(318): CodeIgniter\CodeIgniter->handleRequest()
#3 C:\newproject\non-project\ci4 testing\public\index.php(37): CodeIgniter\CodeIgniter->run()
#4 C:\newproject\non-project\ci4 testing\system\Commands\Server\rewrite.php(43): require_once('C:\\newproject\\n...')
#5 {main}
CRITICAL - 2021-11-21 20:24:57 --> Call to a member function post() on null
#0 C:\newproject\non-project\ci4 testing\system\CodeIgniter.php(824): App\Controllers\Json->index()
#1 C:\newproject\non-project\ci4 testing\system\CodeIgniter.php(410): CodeIgniter\CodeIgniter->runController()
#2 C:\newproject\non-project\ci4 testing\system\CodeIgniter.php(318): CodeIgniter\CodeIgniter->handleRequest()
#3 C:\newproject\non-project\ci4 testing\public\index.php(37): CodeIgniter\CodeIgniter->run()
#4 C:\newproject\non-project\ci4 testing\system\Commands\Server\rewrite.php(43): require_once('C:\\newproject\\n...')
#5 {main}
CRITICAL - 2021-11-21 20:24:57 --> Call to a member function post() on null
#0 C:\newproject\non-project\ci4 testing\system\CodeIgniter.php(824): App\Controllers\Json->index()
#1 C:\newproject\non-project\ci4 testing\system\CodeIgniter.php(410): CodeIgniter\CodeIgniter->runController()
#2 C:\newproject\non-project\ci4 testing\system\CodeIgniter.php(318): CodeIgniter\CodeIgniter->handleRequest()
#3 C:\newproject\non-project\ci4 testing\public\index.php(37): CodeIgniter\CodeIgniter->run()
#4 C:\newproject\non-project\ci4 testing\system\Commands\Server\rewrite.php(43): require_once('C:\\newproject\\n...')
#5 {main}
CRITICAL - 2021-11-21 20:27:46 --> Call to a member function view() on null
#0 C:\newproject\non-project\ci4 testing\system\CodeIgniter.php(824): App\Controllers\Json->index()
#1 C:\newproject\non-project\ci4 testing\system\CodeIgniter.php(410): CodeIgniter\CodeIgniter->runController()
#2 C:\newproject\non-project\ci4 testing\system\CodeIgniter.php(318): CodeIgniter\CodeIgniter->handleRequest()
#3 C:\newproject\non-project\ci4 testing\public\index.php(37): CodeIgniter\CodeIgniter->run()
#4 C:\newproject\non-project\ci4 testing\system\Commands\Server\rewrite.php(43): require_once('C:\\newproject\\n...')
#5 {main}
CRITICAL - 2021-11-21 20:27:48 --> Call to a member function view() on null
#0 C:\newproject\non-project\ci4 testing\system\CodeIgniter.php(824): App\Controllers\Json->index()
#1 C:\newproject\non-project\ci4 testing\system\CodeIgniter.php(410): CodeIgniter\CodeIgniter->runController()
#2 C:\newproject\non-project\ci4 testing\system\CodeIgniter.php(318): CodeIgniter\CodeIgniter->handleRequest()
#3 C:\newproject\non-project\ci4 testing\public\index.php(37): CodeIgniter\CodeIgniter->run()
#4 C:\newproject\non-project\ci4 testing\system\Commands\Server\rewrite.php(43): require_once('C:\\newproject\\n...')
#5 {main}
CRITICAL - 2021-11-21 20:27:48 --> Call to a member function view() on null
#0 C:\newproject\non-project\ci4 testing\system\CodeIgniter.php(824): App\Controllers\Json->index()
#1 C:\newproject\non-project\ci4 testing\system\CodeIgniter.php(410): CodeIgniter\CodeIgniter->runController()
#2 C:\newproject\non-project\ci4 testing\system\CodeIgniter.php(318): CodeIgniter\CodeIgniter->handleRequest()
#3 C:\newproject\non-project\ci4 testing\public\index.php(37): CodeIgniter\CodeIgniter->run()
#4 C:\newproject\non-project\ci4 testing\system\Commands\Server\rewrite.php(43): require_once('C:\\newproject\\n...')
#5 {main}
CRITICAL - 2021-11-21 20:27:49 --> Call to a member function view() on null
#0 C:\newproject\non-project\ci4 testing\system\CodeIgniter.php(824): App\Controllers\Json->index()
#1 C:\newproject\non-project\ci4 testing\system\CodeIgniter.php(410): CodeIgniter\CodeIgniter->runController()
#2 C:\newproject\non-project\ci4 testing\system\CodeIgniter.php(318): CodeIgniter\CodeIgniter->handleRequest()
#3 C:\newproject\non-project\ci4 testing\public\index.php(37): CodeIgniter\CodeIgniter->run()
#4 C:\newproject\non-project\ci4 testing\system\Commands\Server\rewrite.php(43): require_once('C:\\newproject\\n...')
#5 {main}
CRITICAL - 2021-11-21 20:27:49 --> Call to a member function view() on null
#0 C:\newproject\non-project\ci4 testing\system\CodeIgniter.php(824): App\Controllers\Json->index()
#1 C:\newproject\non-project\ci4 testing\system\CodeIgniter.php(410): CodeIgniter\CodeIgniter->runController()
#2 C:\newproject\non-project\ci4 testing\system\CodeIgniter.php(318): CodeIgniter\CodeIgniter->handleRequest()
#3 C:\newproject\non-project\ci4 testing\public\index.php(37): CodeIgniter\CodeIgniter->run()
#4 C:\newproject\non-project\ci4 testing\system\Commands\Server\rewrite.php(43): require_once('C:\\newproject\\n...')
#5 {main}
CRITICAL - 2021-11-21 20:27:54 --> Call to a member function view() on null
#0 C:\newproject\non-project\ci4 testing\system\CodeIgniter.php(824): App\Controllers\Json->index()
#1 C:\newproject\non-project\ci4 testing\system\CodeIgniter.php(410): CodeIgniter\CodeIgniter->runController()
#2 C:\newproject\non-project\ci4 testing\system\CodeIgniter.php(318): CodeIgniter\CodeIgniter->handleRequest()
#3 C:\newproject\non-project\ci4 testing\public\index.php(37): CodeIgniter\CodeIgniter->run()
#4 C:\newproject\non-project\ci4 testing\system\Commands\Server\rewrite.php(43): require_once('C:\\newproject\\n...')
#5 {main}
CRITICAL - 2021-11-21 20:41:29 --> syntax error, unexpected '[', expecting identifier (T_STRING) or variable (T_VARIABLE) or '{' or '$'
#0 C:\newproject\non-project\ci4 testing\system\View\View.php(217): CodeIgniter\View\View->CodeIgniter\View\{closure}()
#1 C:\newproject\non-project\ci4 testing\system\Common.php(1097): CodeIgniter\View\View->render()
#2 C:\newproject\non-project\ci4 testing\app\Controllers\Json.php(10): view()
#3 C:\newproject\non-project\ci4 testing\system\CodeIgniter.php(824): App\Controllers\Json->index()
#4 C:\newproject\non-project\ci4 testing\system\CodeIgniter.php(410): CodeIgniter\CodeIgniter->runController()
#5 C:\newproject\non-project\ci4 testing\system\CodeIgniter.php(318): CodeIgniter\CodeIgniter->handleRequest()
#6 C:\newproject\non-project\ci4 testing\public\index.php(37): CodeIgniter\CodeIgniter->run()
#7 C:\newproject\non-project\ci4 testing\system\Commands\Server\rewrite.php(43): require_once('C:\\newproject\\n...')
#8 {main}
CRITICAL - 2021-11-21 20:41:38 --> syntax error, unexpected '[', expecting identifier (T_STRING) or variable (T_VARIABLE) or '{' or '$'
#0 C:\newproject\non-project\ci4 testing\system\View\View.php(217): CodeIgniter\View\View->CodeIgniter\View\{closure}()
#1 C:\newproject\non-project\ci4 testing\system\Common.php(1097): CodeIgniter\View\View->render()
#2 C:\newproject\non-project\ci4 testing\app\Controllers\Json.php(10): view()
#3 C:\newproject\non-project\ci4 testing\system\CodeIgniter.php(824): App\Controllers\Json->index()
#4 C:\newproject\non-project\ci4 testing\system\CodeIgniter.php(410): CodeIgniter\CodeIgniter->runController()
#5 C:\newproject\non-project\ci4 testing\system\CodeIgniter.php(318): CodeIgniter\CodeIgniter->handleRequest()
#6 C:\newproject\non-project\ci4 testing\public\index.php(37): CodeIgniter\CodeIgniter->run()
#7 C:\newproject\non-project\ci4 testing\system\Commands\Server\rewrite.php(43): require_once('C:\\newproject\\n...')
#8 {main}
CRITICAL - 2021-11-21 20:41:49 --> Call to undefined function render()
#0 C:\newproject\non-project\ci4 testing\system\View\View.php(214): include()
#1 C:\newproject\non-project\ci4 testing\system\View\View.php(217): CodeIgniter\View\View->CodeIgniter\View\{closure}()
#2 C:\newproject\non-project\ci4 testing\system\Common.php(1097): CodeIgniter\View\View->render()
#3 C:\newproject\non-project\ci4 testing\app\Controllers\Json.php(10): view()
#4 C:\newproject\non-project\ci4 testing\system\CodeIgniter.php(824): App\Controllers\Json->index()
#5 C:\newproject\non-project\ci4 testing\system\CodeIgniter.php(410): CodeIgniter\CodeIgniter->runController()
#6 C:\newproject\non-project\ci4 testing\system\CodeIgniter.php(318): CodeIgniter\CodeIgniter->handleRequest()
#7 C:\newproject\non-project\ci4 testing\public\index.php(37): CodeIgniter\CodeIgniter->run()
#8 C:\newproject\non-project\ci4 testing\system\Commands\Server\rewrite.php(43): require_once('C:\\newproject\\n...')
#9 {main}
CRITICAL - 2021-11-21 20:43:51 --> syntax error, unexpected '}', expecting ')'
#0 C:\newproject\non-project\ci4 testing\system\View\View.php(217): CodeIgniter\View\View->CodeIgniter\View\{closure}()
#1 C:\newproject\non-project\ci4 testing\system\Common.php(1097): CodeIgniter\View\View->render()
#2 C:\newproject\non-project\ci4 testing\app\Controllers\Json.php(10): view()
#3 C:\newproject\non-project\ci4 testing\system\CodeIgniter.php(824): App\Controllers\Json->index()
#4 C:\newproject\non-project\ci4 testing\system\CodeIgniter.php(410): CodeIgniter\CodeIgniter->runController()
#5 C:\newproject\non-project\ci4 testing\system\CodeIgniter.php(318): CodeIgniter\CodeIgniter->handleRequest()
#6 C:\newproject\non-project\ci4 testing\public\index.php(37): CodeIgniter\CodeIgniter->run()
#7 C:\newproject\non-project\ci4 testing\system\Commands\Server\rewrite.php(43): require_once('C:\\newproject\\n...')
#8 {main}
CRITICAL - 2021-11-21 20:44:34 --> syntax error, unexpected '}', expecting ')'
#0 C:\newproject\non-project\ci4 testing\system\View\View.php(217): CodeIgniter\View\View->CodeIgniter\View\{closure}()
#1 C:\newproject\non-project\ci4 testing\system\Common.php(1097): CodeIgniter\View\View->render()
#2 C:\newproject\non-project\ci4 testing\app\Controllers\Json.php(10): view()
#3 C:\newproject\non-project\ci4 testing\system\CodeIgniter.php(824): App\Controllers\Json->index()
#4 C:\newproject\non-project\ci4 testing\system\CodeIgniter.php(410): CodeIgniter\CodeIgniter->runController()
#5 C:\newproject\non-project\ci4 testing\system\CodeIgniter.php(318): CodeIgniter\CodeIgniter->handleRequest()
#6 C:\newproject\non-project\ci4 testing\public\index.php(37): CodeIgniter\CodeIgniter->run()
#7 C:\newproject\non-project\ci4 testing\system\Commands\Server\rewrite.php(43): require_once('C:\\newproject\\n...')
#8 {main}
CRITICAL - 2021-11-21 20:44:35 --> syntax error, unexpected '}', expecting ')'
#0 C:\newproject\non-project\ci4 testing\system\View\View.php(217): CodeIgniter\View\View->CodeIgniter\View\{closure}()
#1 C:\newproject\non-project\ci4 testing\system\Common.php(1097): CodeIgniter\View\View->render()
#2 C:\newproject\non-project\ci4 testing\app\Controllers\Json.php(10): view()
#3 C:\newproject\non-project\ci4 testing\system\CodeIgniter.php(824): App\Controllers\Json->index()
#4 C:\newproject\non-project\ci4 testing\system\CodeIgniter.php(410): CodeIgniter\CodeIgniter->runController()
#5 C:\newproject\non-project\ci4 testing\system\CodeIgniter.php(318): CodeIgniter\CodeIgniter->handleRequest()
#6 C:\newproject\non-project\ci4 testing\public\index.php(37): CodeIgniter\CodeIgniter->run()
#7 C:\newproject\non-project\ci4 testing\system\Commands\Server\rewrite.php(43): require_once('C:\\newproject\\n...')
#8 {main}
CRITICAL - 2021-11-21 20:44:39 --> syntax error, unexpected '}', expecting ')'
#0 C:\newproject\non-project\ci4 testing\system\View\View.php(217): CodeIgniter\View\View->CodeIgniter\View\{closure}()
#1 C:\newproject\non-project\ci4 testing\system\Common.php(1097): CodeIgniter\View\View->render()
#2 C:\newproject\non-project\ci4 testing\app\Controllers\Json.php(10): view()
#3 C:\newproject\non-project\ci4 testing\system\CodeIgniter.php(824): App\Controllers\Json->index()
#4 C:\newproject\non-project\ci4 testing\system\CodeIgniter.php(410): CodeIgniter\CodeIgniter->runController()
#5 C:\newproject\non-project\ci4 testing\system\CodeIgniter.php(318): CodeIgniter\CodeIgniter->handleRequest()
#6 C:\newproject\non-project\ci4 testing\public\index.php(37): CodeIgniter\CodeIgniter->run()
#7 C:\newproject\non-project\ci4 testing\system\Commands\Server\rewrite.php(43): require_once('C:\\newproject\\n...')
#8 {main}
CRITICAL - 2021-11-21 20:44:39 --> syntax error, unexpected '}', expecting ')'
#0 C:\newproject\non-project\ci4 testing\system\View\View.php(217): CodeIgniter\View\View->CodeIgniter\View\{closure}()
#1 C:\newproject\non-project\ci4 testing\system\Common.php(1097): CodeIgniter\View\View->render()
#2 C:\newproject\non-project\ci4 testing\app\Controllers\Json.php(10): view()
#3 C:\newproject\non-project\ci4 testing\system\CodeIgniter.php(824): App\Controllers\Json->index()
#4 C:\newproject\non-project\ci4 testing\system\CodeIgniter.php(410): CodeIgniter\CodeIgniter->runController()
#5 C:\newproject\non-project\ci4 testing\system\CodeIgniter.php(318): CodeIgniter\CodeIgniter->handleRequest()
#6 C:\newproject\non-project\ci4 testing\public\index.php(37): CodeIgniter\CodeIgniter->run()
#7 C:\newproject\non-project\ci4 testing\system\Commands\Server\rewrite.php(43): require_once('C:\\newproject\\n...')
#8 {main}
CRITICAL - 2021-11-21 20:47:16 --> syntax error, unexpected '}', expecting ')'
#0 C:\newproject\non-project\ci4 testing\system\View\View.php(217): CodeIgniter\View\View->CodeIgniter\View\{closure}()
#1 C:\newproject\non-project\ci4 testing\system\Common.php(1097): CodeIgniter\View\View->render()
#2 C:\newproject\non-project\ci4 testing\app\Controllers\Json.php(10): view()
#3 C:\newproject\non-project\ci4 testing\system\CodeIgniter.php(824): App\Controllers\Json->index()
#4 C:\newproject\non-project\ci4 testing\system\CodeIgniter.php(410): CodeIgniter\CodeIgniter->runController()
#5 C:\newproject\non-project\ci4 testing\system\CodeIgniter.php(318): CodeIgniter\CodeIgniter->handleRequest()
#6 C:\newproject\non-project\ci4 testing\public\index.php(37): CodeIgniter\CodeIgniter->run()
#7 C:\newproject\non-project\ci4 testing\system\Commands\Server\rewrite.php(43): require_once('C:\\newproject\\n...')
#8 {main}
CRITICAL - 2021-11-21 20:47:16 --> syntax error, unexpected '}', expecting ')'
#0 C:\newproject\non-project\ci4 testing\system\View\View.php(217): CodeIgniter\View\View->CodeIgniter\View\{closure}()
#1 C:\newproject\non-project\ci4 testing\system\Common.php(1097): CodeIgniter\View\View->render()
#2 C:\newproject\non-project\ci4 testing\app\Controllers\Json.php(10): view()
#3 C:\newproject\non-project\ci4 testing\system\CodeIgniter.php(824): App\Controllers\Json->index()
#4 C:\newproject\non-project\ci4 testing\system\CodeIgniter.php(410): CodeIgniter\CodeIgniter->runController()
#5 C:\newproject\non-project\ci4 testing\system\CodeIgniter.php(318): CodeIgniter\CodeIgniter->handleRequest()
#6 C:\newproject\non-project\ci4 testing\public\index.php(37): CodeIgniter\CodeIgniter->run()
#7 C:\newproject\non-project\ci4 testing\system\Commands\Server\rewrite.php(43): require_once('C:\\newproject\\n...')
#8 {main}
CRITICAL - 2021-11-21 20:50:40 --> urldecode() expects parameter 1 to be string, array given
#0 [internal function]: CodeIgniter\Debug\Exceptions->errorHandler()
#1 C:\newproject\non-project\ci4 testing\app\Views\json.php(14): urldecode()
#2 C:\newproject\non-project\ci4 testing\system\View\View.php(214): include('C:\\newproject\\n...')
#3 C:\newproject\non-project\ci4 testing\system\View\View.php(217): CodeIgniter\View\View->CodeIgniter\View\{closure}()
#4 C:\newproject\non-project\ci4 testing\system\Common.php(1097): CodeIgniter\View\View->render()
#5 C:\newproject\non-project\ci4 testing\app\Controllers\Json.php(10): view()
#6 C:\newproject\non-project\ci4 testing\system\CodeIgniter.php(824): App\Controllers\Json->index()
#7 C:\newproject\non-project\ci4 testing\system\CodeIgniter.php(410): CodeIgniter\CodeIgniter->runController()
#8 C:\newproject\non-project\ci4 testing\system\CodeIgniter.php(318): CodeIgniter\CodeIgniter->handleRequest()
#9 C:\newproject\non-project\ci4 testing\public\index.php(37): CodeIgniter\CodeIgniter->run()
#10 C:\newproject\non-project\ci4 testing\system\Commands\Server\rewrite.php(43): require_once('C:\\newproject\\n...')
#11 {main}
CRITICAL - 2021-11-21 20:50:49 --> urldecode() expects parameter 1 to be string, array given
#0 [internal function]: CodeIgniter\Debug\Exceptions->errorHandler()
#1 C:\newproject\non-project\ci4 testing\app\Views\json.php(14): urldecode()
#2 C:\newproject\non-project\ci4 testing\system\View\View.php(214): include('C:\\newproject\\n...')
#3 C:\newproject\non-project\ci4 testing\system\View\View.php(217): CodeIgniter\View\View->CodeIgniter\View\{closure}()
#4 C:\newproject\non-project\ci4 testing\system\Common.php(1097): CodeIgniter\View\View->render()
#5 C:\newproject\non-project\ci4 testing\app\Controllers\Json.php(10): view()
#6 C:\newproject\non-project\ci4 testing\system\CodeIgniter.php(824): App\Controllers\Json->index()
#7 C:\newproject\non-project\ci4 testing\system\CodeIgniter.php(410): CodeIgniter\CodeIgniter->runController()
#8 C:\newproject\non-project\ci4 testing\system\CodeIgniter.php(318): CodeIgniter\CodeIgniter->handleRequest()
#9 C:\newproject\non-project\ci4 testing\public\index.php(37): CodeIgniter\CodeIgniter->run()
#10 C:\newproject\non-project\ci4 testing\system\Commands\Server\rewrite.php(43): require_once('C:\\newproject\\n...')
#11 {main}
CRITICAL - 2021-11-21 20:55:13 --> Invalid argument supplied for foreach()
#0 C:\newproject\non-project\ci4 testing\app\Views\json.php(9): CodeIgniter\Debug\Exceptions->errorHandler()
#1 C:\newproject\non-project\ci4 testing\system\View\View.php(214): include('C:\\newproject\\n...')
#2 C:\newproject\non-project\ci4 testing\system\View\View.php(217): CodeIgniter\View\View->CodeIgniter\View\{closure}()
#3 C:\newproject\non-project\ci4 testing\system\Common.php(1097): CodeIgniter\View\View->render()
#4 C:\newproject\non-project\ci4 testing\app\Controllers\Json.php(10): view()
#5 C:\newproject\non-project\ci4 testing\system\CodeIgniter.php(824): App\Controllers\Json->index()
#6 C:\newproject\non-project\ci4 testing\system\CodeIgniter.php(410): CodeIgniter\CodeIgniter->runController()
#7 C:\newproject\non-project\ci4 testing\system\CodeIgniter.php(318): CodeIgniter\CodeIgniter->handleRequest()
#8 C:\newproject\non-project\ci4 testing\public\index.php(37): CodeIgniter\CodeIgniter->run()
#9 C:\newproject\non-project\ci4 testing\system\Commands\Server\rewrite.php(43): require_once('C:\\newproject\\n...')
#10 {main}
CRITICAL - 2021-11-21 20:55:43 --> Invalid argument supplied for foreach()
#0 C:\newproject\non-project\ci4 testing\app\Views\json.php(9): CodeIgniter\Debug\Exceptions->errorHandler()
#1 C:\newproject\non-project\ci4 testing\system\View\View.php(214): include('C:\\newproject\\n...')
#2 C:\newproject\non-project\ci4 testing\system\View\View.php(217): CodeIgniter\View\View->CodeIgniter\View\{closure}()
#3 C:\newproject\non-project\ci4 testing\system\Common.php(1097): CodeIgniter\View\View->render()
#4 C:\newproject\non-project\ci4 testing\app\Controllers\Json.php(10): view()
#5 C:\newproject\non-project\ci4 testing\system\CodeIgniter.php(824): App\Controllers\Json->index()
#6 C:\newproject\non-project\ci4 testing\system\CodeIgniter.php(410): CodeIgniter\CodeIgniter->runController()
#7 C:\newproject\non-project\ci4 testing\system\CodeIgniter.php(318): CodeIgniter\CodeIgniter->handleRequest()
#8 C:\newproject\non-project\ci4 testing\public\index.php(37): CodeIgniter\CodeIgniter->run()
#9 C:\newproject\non-project\ci4 testing\system\Commands\Server\rewrite.php(43): require_once('C:\\newproject\\n...')
#10 {main}
CRITICAL - 2021-11-21 20:56:30 --> Invalid argument supplied for foreach()
#0 C:\newproject\non-project\ci4 testing\app\Views\json.php(9): CodeIgniter\Debug\Exceptions->errorHandler()
#1 C:\newproject\non-project\ci4 testing\system\View\View.php(214): include('C:\\newproject\\n...')
#2 C:\newproject\non-project\ci4 testing\system\View\View.php(217): CodeIgniter\View\View->CodeIgniter\View\{closure}()
#3 C:\newproject\non-project\ci4 testing\system\Common.php(1097): CodeIgniter\View\View->render()
#4 C:\newproject\non-project\ci4 testing\app\Controllers\Json.php(10): view()
#5 C:\newproject\non-project\ci4 testing\system\CodeIgniter.php(824): App\Controllers\Json->index()
#6 C:\newproject\non-project\ci4 testing\system\CodeIgniter.php(410): CodeIgniter\CodeIgniter->runController()
#7 C:\newproject\non-project\ci4 testing\system\CodeIgniter.php(318): CodeIgniter\CodeIgniter->handleRequest()
#8 C:\newproject\non-project\ci4 testing\public\index.php(37): CodeIgniter\CodeIgniter->run()
#9 C:\newproject\non-project\ci4 testing\system\Commands\Server\rewrite.php(43): require_once('C:\\newproject\\n...')
#10 {main}
CRITICAL - 2021-11-21 20:57:06 --> Invalid argument supplied for foreach()
#0 C:\newproject\non-project\ci4 testing\app\Views\json.php(9): CodeIgniter\Debug\Exceptions->errorHandler()
#1 C:\newproject\non-project\ci4 testing\system\View\View.php(214): include('C:\\newproject\\n...')
#2 C:\newproject\non-project\ci4 testing\system\View\View.php(217): CodeIgniter\View\View->CodeIgniter\View\{closure}()
#3 C:\newproject\non-project\ci4 testing\system\Common.php(1097): CodeIgniter\View\View->render()
#4 C:\newproject\non-project\ci4 testing\app\Controllers\Json.php(10): view()
#5 C:\newproject\non-project\ci4 testing\system\CodeIgniter.php(824): App\Controllers\Json->index()
#6 C:\newproject\non-project\ci4 testing\system\CodeIgniter.php(410): CodeIgniter\CodeIgniter->runController()
#7 C:\newproject\non-project\ci4 testing\system\CodeIgniter.php(318): CodeIgniter\CodeIgniter->handleRequest()
#8 C:\newproject\non-project\ci4 testing\public\index.php(37): CodeIgniter\CodeIgniter->run()
#9 C:\newproject\non-project\ci4 testing\system\Commands\Server\rewrite.php(43): require_once('C:\\newproject\\n...')
#10 {main}
CRITICAL - 2021-11-21 20:57:34 --> Invalid argument supplied for foreach()
#0 C:\newproject\non-project\ci4 testing\app\Views\json.php(9): CodeIgniter\Debug\Exceptions->errorHandler()
#1 C:\newproject\non-project\ci4 testing\system\View\View.php(214): include('C:\\newproject\\n...')
#2 C:\newproject\non-project\ci4 testing\system\View\View.php(217): CodeIgniter\View\View->CodeIgniter\View\{closure}()
#3 C:\newproject\non-project\ci4 testing\system\Common.php(1097): CodeIgniter\View\View->render()
#4 C:\newproject\non-project\ci4 testing\app\Controllers\Json.php(10): view()
#5 C:\newproject\non-project\ci4 testing\system\CodeIgniter.php(824): App\Controllers\Json->index()
#6 C:\newproject\non-project\ci4 testing\system\CodeIgniter.php(410): CodeIgniter\CodeIgniter->runController()
#7 C:\newproject\non-project\ci4 testing\system\CodeIgniter.php(318): CodeIgniter\CodeIgniter->handleRequest()
#8 C:\newproject\non-project\ci4 testing\public\index.php(37): CodeIgniter\CodeIgniter->run()
#9 C:\newproject\non-project\ci4 testing\system\Commands\Server\rewrite.php(43): require_once('C:\\newproject\\n...')
#10 {main}
CRITICAL - 2021-11-21 20:57:34 --> Invalid argument supplied for foreach()
#0 C:\newproject\non-project\ci4 testing\app\Views\json.php(9): CodeIgniter\Debug\Exceptions->errorHandler()
#1 C:\newproject\non-project\ci4 testing\system\View\View.php(214): include('C:\\newproject\\n...')
#2 C:\newproject\non-project\ci4 testing\system\View\View.php(217): CodeIgniter\View\View->CodeIgniter\View\{closure}()
#3 C:\newproject\non-project\ci4 testing\system\Common.php(1097): CodeIgniter\View\View->render()
#4 C:\newproject\non-project\ci4 testing\app\Controllers\Json.php(10): view()
#5 C:\newproject\non-project\ci4 testing\system\CodeIgniter.php(824): App\Controllers\Json->index()
#6 C:\newproject\non-project\ci4 testing\system\CodeIgniter.php(410): CodeIgniter\CodeIgniter->runController()
#7 C:\newproject\non-project\ci4 testing\system\CodeIgniter.php(318): CodeIgniter\CodeIgniter->handleRequest()
#8 C:\newproject\non-project\ci4 testing\public\index.php(37): CodeIgniter\CodeIgniter->run()
#9 C:\newproject\non-project\ci4 testing\system\Commands\Server\rewrite.php(43): require_once('C:\\newproject\\n...')
#10 {main}
CRITICAL - 2021-11-21 20:57:39 --> Invalid argument supplied for foreach()
#0 C:\newproject\non-project\ci4 testing\app\Views\json.php(9): CodeIgniter\Debug\Exceptions->errorHandler()
#1 C:\newproject\non-project\ci4 testing\system\View\View.php(214): include('C:\\newproject\\n...')
#2 C:\newproject\non-project\ci4 testing\system\View\View.php(217): CodeIgniter\View\View->CodeIgniter\View\{closure}()
#3 C:\newproject\non-project\ci4 testing\system\Common.php(1097): CodeIgniter\View\View->render()
#4 C:\newproject\non-project\ci4 testing\app\Controllers\Json.php(10): view()
#5 C:\newproject\non-project\ci4 testing\system\CodeIgniter.php(824): App\Controllers\Json->index()
#6 C:\newproject\non-project\ci4 testing\system\CodeIgniter.php(410): CodeIgniter\CodeIgniter->runController()
#7 C:\newproject\non-project\ci4 testing\system\CodeIgniter.php(318): CodeIgniter\CodeIgniter->handleRequest()
#8 C:\newproject\non-project\ci4 testing\public\index.php(37): CodeIgniter\CodeIgniter->run()
#9 C:\newproject\non-project\ci4 testing\system\Commands\Server\rewrite.php(43): require_once('C:\\newproject\\n...')
#10 {main}
CRITICAL - 2021-11-21 20:57:40 --> Invalid argument supplied for foreach()
#0 C:\newproject\non-project\ci4 testing\app\Views\json.php(9): CodeIgniter\Debug\Exceptions->errorHandler()
#1 C:\newproject\non-project\ci4 testing\system\View\View.php(214): include('C:\\newproject\\n...')
#2 C:\newproject\non-project\ci4 testing\system\View\View.php(217): CodeIgniter\View\View->CodeIgniter\View\{closure}()
#3 C:\newproject\non-project\ci4 testing\system\Common.php(1097): CodeIgniter\View\View->render()
#4 C:\newproject\non-project\ci4 testing\app\Controllers\Json.php(10): view()
#5 C:\newproject\non-project\ci4 testing\system\CodeIgniter.php(824): App\Controllers\Json->index()
#6 C:\newproject\non-project\ci4 testing\system\CodeIgniter.php(410): CodeIgniter\CodeIgniter->runController()
#7 C:\newproject\non-project\ci4 testing\system\CodeIgniter.php(318): CodeIgniter\CodeIgniter->handleRequest()
#8 C:\newproject\non-project\ci4 testing\public\index.php(37): CodeIgniter\CodeIgniter->run()
#9 C:\newproject\non-project\ci4 testing\system\Commands\Server\rewrite.php(43): require_once('C:\\newproject\\n...')
#10 {main}
CRITICAL - 2021-11-21 20:58:04 --> curl_setopt() expects parameter 1 to be resource, string given
#0 [internal function]: CodeIgniter\Debug\Exceptions->errorHandler()
#1 C:\newproject\non-project\ci4 testing\app\Views\json.php(3): curl_setopt()
#2 C:\newproject\non-project\ci4 testing\system\View\View.php(214): include('C:\\newproject\\n...')
#3 C:\newproject\non-project\ci4 testing\system\View\View.php(217): CodeIgniter\View\View->CodeIgniter\View\{closure}()
#4 C:\newproject\non-project\ci4 testing\system\Common.php(1097): CodeIgniter\View\View->render()
#5 C:\newproject\non-project\ci4 testing\app\Controllers\Json.php(10): view()
#6 C:\newproject\non-project\ci4 testing\system\CodeIgniter.php(824): App\Controllers\Json->index()
#7 C:\newproject\non-project\ci4 testing\system\CodeIgniter.php(410): CodeIgniter\CodeIgniter->runController()
#8 C:\newproject\non-project\ci4 testing\system\CodeIgniter.php(318): CodeIgniter\CodeIgniter->handleRequest()
#9 C:\newproject\non-project\ci4 testing\public\index.php(37): CodeIgniter\CodeIgniter->run()
#10 C:\newproject\non-project\ci4 testing\system\Commands\Server\rewrite.php(43): require_once('C:\\newproject\\n...')
#11 {main}
CRITICAL - 2021-11-21 20:58:05 --> curl_setopt() expects parameter 1 to be resource, string given
#0 [internal function]: CodeIgniter\Debug\Exceptions->errorHandler()
#1 C:\newproject\non-project\ci4 testing\app\Views\json.php(3): curl_setopt()
#2 C:\newproject\non-project\ci4 testing\system\View\View.php(214): include('C:\\newproject\\n...')
#3 C:\newproject\non-project\ci4 testing\system\View\View.php(217): CodeIgniter\View\View->CodeIgniter\View\{closure}()
#4 C:\newproject\non-project\ci4 testing\system\Common.php(1097): CodeIgniter\View\View->render()
#5 C:\newproject\non-project\ci4 testing\app\Controllers\Json.php(10): view()
#6 C:\newproject\non-project\ci4 testing\system\CodeIgniter.php(824): App\Controllers\Json->index()
#7 C:\newproject\non-project\ci4 testing\system\CodeIgniter.php(410): CodeIgniter\CodeIgniter->runController()
#8 C:\newproject\non-project\ci4 testing\system\CodeIgniter.php(318): CodeIgniter\CodeIgniter->handleRequest()
#9 C:\newproject\non-project\ci4 testing\public\index.php(37): CodeIgniter\CodeIgniter->run()
#10 C:\newproject\non-project\ci4 testing\system\Commands\Server\rewrite.php(43): require_once('C:\\newproject\\n...')
#11 {main}
CRITICAL - 2021-11-21 20:58:24 --> curl_setopt() expects parameter 1 to be resource, string given
#0 [internal function]: CodeIgniter\Debug\Exceptions->errorHandler()
#1 C:\newproject\non-project\ci4 testing\app\Views\json.php(3): curl_setopt()
#2 C:\newproject\non-project\ci4 testing\system\View\View.php(214): include('C:\\newproject\\n...')
#3 C:\newproject\non-project\ci4 testing\system\View\View.php(217): CodeIgniter\View\View->CodeIgniter\View\{closure}()
#4 C:\newproject\non-project\ci4 testing\system\Common.php(1097): CodeIgniter\View\View->render()
#5 C:\newproject\non-project\ci4 testing\app\Controllers\Json.php(10): view()
#6 C:\newproject\non-project\ci4 testing\system\CodeIgniter.php(824): App\Controllers\Json->index()
#7 C:\newproject\non-project\ci4 testing\system\CodeIgniter.php(410): CodeIgniter\CodeIgniter->runController()
#8 C:\newproject\non-project\ci4 testing\system\CodeIgniter.php(318): CodeIgniter\CodeIgniter->handleRequest()
#9 C:\newproject\non-project\ci4 testing\public\index.php(37): CodeIgniter\CodeIgniter->run()
#10 C:\newproject\non-project\ci4 testing\system\Commands\Server\rewrite.php(43): require_once('C:\\newproject\\n...')
#11 {main}
CRITICAL - 2021-11-21 20:58:25 --> curl_setopt() expects parameter 1 to be resource, string given
#0 [internal function]: CodeIgniter\Debug\Exceptions->errorHandler()
#1 C:\newproject\non-project\ci4 testing\app\Views\json.php(3): curl_setopt()
#2 C:\newproject\non-project\ci4 testing\system\View\View.php(214): include('C:\\newproject\\n...')
#3 C:\newproject\non-project\ci4 testing\system\View\View.php(217): CodeIgniter\View\View->CodeIgniter\View\{closure}()
#4 C:\newproject\non-project\ci4 testing\system\Common.php(1097): CodeIgniter\View\View->render()
#5 C:\newproject\non-project\ci4 testing\app\Controllers\Json.php(10): view()
#6 C:\newproject\non-project\ci4 testing\system\CodeIgniter.php(824): App\Controllers\Json->index()
#7 C:\newproject\non-project\ci4 testing\system\CodeIgniter.php(410): CodeIgniter\CodeIgniter->runController()
#8 C:\newproject\non-project\ci4 testing\system\CodeIgniter.php(318): CodeIgniter\CodeIgniter->handleRequest()
#9 C:\newproject\non-project\ci4 testing\public\index.php(37): CodeIgniter\CodeIgniter->run()
#10 C:\newproject\non-project\ci4 testing\system\Commands\Server\rewrite.php(43): require_once('C:\\newproject\\n...')
#11 {main}
CRITICAL - 2021-11-21 20:58:31 --> Invalid argument supplied for foreach()
#0 C:\newproject\non-project\ci4 testing\app\Views\json.php(9): CodeIgniter\Debug\Exceptions->errorHandler()
#1 C:\newproject\non-project\ci4 testing\system\View\View.php(214): include('C:\\newproject\\n...')
#2 C:\newproject\non-project\ci4 testing\system\View\View.php(217): CodeIgniter\View\View->CodeIgniter\View\{closure}()
#3 C:\newproject\non-project\ci4 testing\system\Common.php(1097): CodeIgniter\View\View->render()
#4 C:\newproject\non-project\ci4 testing\app\Controllers\Json.php(10): view()
#5 C:\newproject\non-project\ci4 testing\system\CodeIgniter.php(824): App\Controllers\Json->index()
#6 C:\newproject\non-project\ci4 testing\system\CodeIgniter.php(410): CodeIgniter\CodeIgniter->runController()
#7 C:\newproject\non-project\ci4 testing\system\CodeIgniter.php(318): CodeIgniter\CodeIgniter->handleRequest()
#8 C:\newproject\non-project\ci4 testing\public\index.php(37): CodeIgniter\CodeIgniter->run()
#9 C:\newproject\non-project\ci4 testing\system\Commands\Server\rewrite.php(43): require_once('C:\\newproject\\n...')
#10 {main}
CRITICAL - 2021-11-21 20:58:32 --> Invalid argument supplied for foreach()
#0 C:\newproject\non-project\ci4 testing\app\Views\json.php(9): CodeIgniter\Debug\Exceptions->errorHandler()
#1 C:\newproject\non-project\ci4 testing\system\View\View.php(214): include('C:\\newproject\\n...')
#2 C:\newproject\non-project\ci4 testing\system\View\View.php(217): CodeIgniter\View\View->CodeIgniter\View\{closure}()
#3 C:\newproject\non-project\ci4 testing\system\Common.php(1097): CodeIgniter\View\View->render()
#4 C:\newproject\non-project\ci4 testing\app\Controllers\Json.php(10): view()
#5 C:\newproject\non-project\ci4 testing\system\CodeIgniter.php(824): App\Controllers\Json->index()
#6 C:\newproject\non-project\ci4 testing\system\CodeIgniter.php(410): CodeIgniter\CodeIgniter->runController()
#7 C:\newproject\non-project\ci4 testing\system\CodeIgniter.php(318): CodeIgniter\CodeIgniter->handleRequest()
#8 C:\newproject\non-project\ci4 testing\public\index.php(37): CodeIgniter\CodeIgniter->run()
#9 C:\newproject\non-project\ci4 testing\system\Commands\Server\rewrite.php(43): require_once('C:\\newproject\\n...')
#10 {main}
CRITICAL - 2021-11-21 20:58:45 --> Invalid argument supplied for foreach()
#0 C:\newproject\non-project\ci4 testing\app\Views\json.php(9): CodeIgniter\Debug\Exceptions->errorHandler()
#1 C:\newproject\non-project\ci4 testing\system\View\View.php(214): include('C:\\newproject\\n...')
#2 C:\newproject\non-project\ci4 testing\system\View\View.php(217): CodeIgniter\View\View->CodeIgniter\View\{closure}()
#3 C:\newproject\non-project\ci4 testing\system\Common.php(1097): CodeIgniter\View\View->render()
#4 C:\newproject\non-project\ci4 testing\app\Controllers\Json.php(10): view()
#5 C:\newproject\non-project\ci4 testing\system\CodeIgniter.php(824): App\Controllers\Json->index()
#6 C:\newproject\non-project\ci4 testing\system\CodeIgniter.php(410): CodeIgniter\CodeIgniter->runController()
#7 C:\newproject\non-project\ci4 testing\system\CodeIgniter.php(318): CodeIgniter\CodeIgniter->handleRequest()
#8 C:\newproject\non-project\ci4 testing\public\index.php(37): CodeIgniter\CodeIgniter->run()
#9 C:\newproject\non-project\ci4 testing\system\Commands\Server\rewrite.php(43): require_once('C:\\newproject\\n...')
#10 {main}
CRITICAL - 2021-11-21 20:58:46 --> Invalid argument supplied for foreach()
#0 C:\newproject\non-project\ci4 testing\app\Views\json.php(9): CodeIgniter\Debug\Exceptions->errorHandler()
#1 C:\newproject\non-project\ci4 testing\system\View\View.php(214): include('C:\\newproject\\n...')
#2 C:\newproject\non-project\ci4 testing\system\View\View.php(217): CodeIgniter\View\View->CodeIgniter\View\{closure}()
#3 C:\newproject\non-project\ci4 testing\system\Common.php(1097): CodeIgniter\View\View->render()
#4 C:\newproject\non-project\ci4 testing\app\Controllers\Json.php(10): view()
#5 C:\newproject\non-project\ci4 testing\system\CodeIgniter.php(824): App\Controllers\Json->index()
#6 C:\newproject\non-project\ci4 testing\system\CodeIgniter.php(410): CodeIgniter\CodeIgniter->runController()
#7 C:\newproject\non-project\ci4 testing\system\CodeIgniter.php(318): CodeIgniter\CodeIgniter->handleRequest()
#8 C:\newproject\non-project\ci4 testing\public\index.php(37): CodeIgniter\CodeIgniter->run()
#9 C:\newproject\non-project\ci4 testing\system\Commands\Server\rewrite.php(43): require_once('C:\\newproject\\n...')
#10 {main}
CRITICAL - 2021-11-21 21:00:00 --> syntax error, unexpected '<', expecting end of file
#0 C:\newproject\non-project\ci4 testing\system\View\View.php(217): CodeIgniter\View\View->CodeIgniter\View\{closure}()
#1 C:\newproject\non-project\ci4 testing\system\Common.php(1097): CodeIgniter\View\View->render()
#2 C:\newproject\non-project\ci4 testing\app\Controllers\Json.php(10): view()
#3 C:\newproject\non-project\ci4 testing\system\CodeIgniter.php(824): App\Controllers\Json->index()
#4 C:\newproject\non-project\ci4 testing\system\CodeIgniter.php(410): CodeIgniter\CodeIgniter->runController()
#5 C:\newproject\non-project\ci4 testing\system\CodeIgniter.php(318): CodeIgniter\CodeIgniter->handleRequest()
#6 C:\newproject\non-project\ci4 testing\public\index.php(37): CodeIgniter\CodeIgniter->run()
#7 C:\newproject\non-project\ci4 testing\system\Commands\Server\rewrite.php(43): require_once('C:\\newproject\\n...')
#8 {main}
CRITICAL - 2021-11-21 21:00:10 --> syntax error, unexpected '}', expecting end of file
#0 C:\newproject\non-project\ci4 testing\system\View\View.php(217): CodeIgniter\View\View->CodeIgniter\View\{closure}()
#1 C:\newproject\non-project\ci4 testing\system\Common.php(1097): CodeIgniter\View\View->render()
#2 C:\newproject\non-project\ci4 testing\app\Controllers\Json.php(10): view()
#3 C:\newproject\non-project\ci4 testing\system\CodeIgniter.php(824): App\Controllers\Json->index()
#4 C:\newproject\non-project\ci4 testing\system\CodeIgniter.php(410): CodeIgniter\CodeIgniter->runController()
#5 C:\newproject\non-project\ci4 testing\system\CodeIgniter.php(318): CodeIgniter\CodeIgniter->handleRequest()
#6 C:\newproject\non-project\ci4 testing\public\index.php(37): CodeIgniter\CodeIgniter->run()
#7 C:\newproject\non-project\ci4 testing\system\Commands\Server\rewrite.php(43): require_once('C:\\newproject\\n...')
#8 {main}
CRITICAL - 2021-11-21 21:00:15 --> syntax error, unexpected '}', expecting end of file
#0 C:\newproject\non-project\ci4 testing\system\View\View.php(217): CodeIgniter\View\View->CodeIgniter\View\{closure}()
#1 C:\newproject\non-project\ci4 testing\system\Common.php(1097): CodeIgniter\View\View->render()
#2 C:\newproject\non-project\ci4 testing\app\Controllers\Json.php(10): view()
#3 C:\newproject\non-project\ci4 testing\system\CodeIgniter.php(824): App\Controllers\Json->index()
#4 C:\newproject\non-project\ci4 testing\system\CodeIgniter.php(410): CodeIgniter\CodeIgniter->runController()
#5 C:\newproject\non-project\ci4 testing\system\CodeIgniter.php(318): CodeIgniter\CodeIgniter->handleRequest()
#6 C:\newproject\non-project\ci4 testing\public\index.php(37): CodeIgniter\CodeIgniter->run()
#7 C:\newproject\non-project\ci4 testing\system\Commands\Server\rewrite.php(43): require_once('C:\\newproject\\n...')
#8 {main}
CRITICAL - 2021-11-21 21:00:16 --> syntax error, unexpected '}', expecting end of file
#0 C:\newproject\non-project\ci4 testing\system\View\View.php(217): CodeIgniter\View\View->CodeIgniter\View\{closure}()
#1 C:\newproject\non-project\ci4 testing\system\Common.php(1097): CodeIgniter\View\View->render()
#2 C:\newproject\non-project\ci4 testing\app\Controllers\Json.php(10): view()
#3 C:\newproject\non-project\ci4 testing\system\CodeIgniter.php(824): App\Controllers\Json->index()
#4 C:\newproject\non-project\ci4 testing\system\CodeIgniter.php(410): CodeIgniter\CodeIgniter->runController()
#5 C:\newproject\non-project\ci4 testing\system\CodeIgniter.php(318): CodeIgniter\CodeIgniter->handleRequest()
#6 C:\newproject\non-project\ci4 testing\public\index.php(37): CodeIgniter\CodeIgniter->run()
#7 C:\newproject\non-project\ci4 testing\system\Commands\Server\rewrite.php(43): require_once('C:\\newproject\\n...')
#8 {main}
CRITICAL - 2021-11-21 21:00:16 --> syntax error, unexpected '}', expecting end of file
#0 C:\newproject\non-project\ci4 testing\system\View\View.php(217): CodeIgniter\View\View->CodeIgniter\View\{closure}()
#1 C:\newproject\non-project\ci4 testing\system\Common.php(1097): CodeIgniter\View\View->render()
#2 C:\newproject\non-project\ci4 testing\app\Controllers\Json.php(10): view()
#3 C:\newproject\non-project\ci4 testing\system\CodeIgniter.php(824): App\Controllers\Json->index()
#4 C:\newproject\non-project\ci4 testing\system\CodeIgniter.php(410): CodeIgniter\CodeIgniter->runController()
#5 C:\newproject\non-project\ci4 testing\system\CodeIgniter.php(318): CodeIgniter\CodeIgniter->handleRequest()
#6 C:\newproject\non-project\ci4 testing\public\index.php(37): CodeIgniter\CodeIgniter->run()
#7 C:\newproject\non-project\ci4 testing\system\Commands\Server\rewrite.php(43): require_once('C:\\newproject\\n...')
#8 {main}
CRITICAL - 2021-11-21 21:00:17 --> syntax error, unexpected '}', expecting end of file
#0 C:\newproject\non-project\ci4 testing\system\View\View.php(217): CodeIgniter\View\View->CodeIgniter\View\{closure}()
#1 C:\newproject\non-project\ci4 testing\system\Common.php(1097): CodeIgniter\View\View->render()
#2 C:\newproject\non-project\ci4 testing\app\Controllers\Json.php(10): view()
#3 C:\newproject\non-project\ci4 testing\system\CodeIgniter.php(824): App\Controllers\Json->index()
#4 C:\newproject\non-project\ci4 testing\system\CodeIgniter.php(410): CodeIgniter\CodeIgniter->runController()
#5 C:\newproject\non-project\ci4 testing\system\CodeIgniter.php(318): CodeIgniter\CodeIgniter->handleRequest()
#6 C:\newproject\non-project\ci4 testing\public\index.php(37): CodeIgniter\CodeIgniter->run()
#7 C:\newproject\non-project\ci4 testing\system\Commands\Server\rewrite.php(43): require_once('C:\\newproject\\n...')
#8 {main}
CRITICAL - 2021-11-21 21:05:28 --> Invalid argument supplied for foreach()
#0 C:\newproject\non-project\ci4 testing\app\Views\json.php(18): CodeIgniter\Debug\Exceptions->errorHandler()
#1 C:\newproject\non-project\ci4 testing\system\View\View.php(214): include('C:\\newproject\\n...')
#2 C:\newproject\non-project\ci4 testing\system\View\View.php(217): CodeIgniter\View\View->CodeIgniter\View\{closure}()
#3 C:\newproject\non-project\ci4 testing\system\Common.php(1097): CodeIgniter\View\View->render()
#4 C:\newproject\non-project\ci4 testing\app\Controllers\Json.php(10): view()
#5 C:\newproject\non-project\ci4 testing\system\CodeIgniter.php(824): App\Controllers\Json->index()
#6 C:\newproject\non-project\ci4 testing\system\CodeIgniter.php(410): CodeIgniter\CodeIgniter->runController()
#7 C:\newproject\non-project\ci4 testing\system\CodeIgniter.php(318): CodeIgniter\CodeIgniter->handleRequest()
#8 C:\newproject\non-project\ci4 testing\public\index.php(37): CodeIgniter\CodeIgniter->run()
#9 C:\newproject\non-project\ci4 testing\system\Commands\Server\rewrite.php(43): require_once('C:\\newproject\\n...')
#10 {main}
CRITICAL - 2021-11-21 21:38:53 --> Class 'App\Controllers\CI_Controller' not found
#0 C:\newproject\non-project\ci4 testing\system\Autoloader\Autoloader.php(264): include_once()
#1 C:\newproject\non-project\ci4 testing\system\Autoloader\Autoloader.php(241): CodeIgniter\Autoloader\Autoloader->includeFile()
#2 C:\newproject\non-project\ci4 testing\system\Autoloader\Autoloader.php(219): CodeIgniter\Autoloader\Autoloader->loadInNamespace()
#3 [internal function]: CodeIgniter\Autoloader\Autoloader->loadClass()
#4 [internal function]: spl_autoload_call()
#5 C:\newproject\non-project\ci4 testing\system\CodeIgniter.php(789): class_exists()
#6 C:\newproject\non-project\ci4 testing\system\CodeIgniter.php(397): CodeIgniter\CodeIgniter->startController()
#7 C:\newproject\non-project\ci4 testing\system\CodeIgniter.php(318): CodeIgniter\CodeIgniter->handleRequest()
#8 C:\newproject\non-project\ci4 testing\public\index.php(37): CodeIgniter\CodeIgniter->run()
#9 C:\newproject\non-project\ci4 testing\system\Commands\Server\rewrite.php(43): require_once('C:\\newproject\\n...')
#10 {main}
CRITICAL - 2021-11-21 21:45:36 --> syntax error, unexpected '}', expecting end of file
#0 C:\newproject\non-project\ci4 testing\system\View\View.php(217): CodeIgniter\View\View->CodeIgniter\View\{closure}()
#1 C:\newproject\non-project\ci4 testing\system\Common.php(1097): CodeIgniter\View\View->render()
#2 C:\newproject\non-project\ci4 testing\app\Controllers\Json.php(10): view()
#3 C:\newproject\non-project\ci4 testing\system\CodeIgniter.php(824): App\Controllers\Json->index()
#4 C:\newproject\non-project\ci4 testing\system\CodeIgniter.php(410): CodeIgniter\CodeIgniter->runController()
#5 C:\newproject\non-project\ci4 testing\system\CodeIgniter.php(318): CodeIgniter\CodeIgniter->handleRequest()
#6 C:\newproject\non-project\ci4 testing\public\index.php(37): CodeIgniter\CodeIgniter->run()
#7 C:\newproject\non-project\ci4 testing\system\Commands\Server\rewrite.php(43): require_once('C:\\newproject\\n...')
#8 {main}
CRITICAL - 2021-11-21 21:46:51 --> Use of undefined constant better_featured_image - assumed 'better_featured_image' (this will throw an Error in a future version of PHP)
#0 C:\newproject\non-project\ci4 testing\app\Views\json.php(45): CodeIgniter\Debug\Exceptions->errorHandler()
#1 C:\newproject\non-project\ci4 testing\system\View\View.php(214): include('C:\\newproject\\n...')
#2 C:\newproject\non-project\ci4 testing\system\View\View.php(217): CodeIgniter\View\View->CodeIgniter\View\{closure}()
#3 C:\newproject\non-project\ci4 testing\system\Common.php(1097): CodeIgniter\View\View->render()
#4 C:\newproject\non-project\ci4 testing\app\Controllers\Json.php(10): view()
#5 C:\newproject\non-project\ci4 testing\system\CodeIgniter.php(824): App\Controllers\Json->index()
#6 C:\newproject\non-project\ci4 testing\system\CodeIgniter.php(410): CodeIgniter\CodeIgniter->runController()
#7 C:\newproject\non-project\ci4 testing\system\CodeIgniter.php(318): CodeIgniter\CodeIgniter->handleRequest()
#8 C:\newproject\non-project\ci4 testing\public\index.php(37): CodeIgniter\CodeIgniter->run()
#9 C:\newproject\non-project\ci4 testing\system\Commands\Server\rewrite.php(43): require_once('C:\\newproject\\n...')
#10 {main}
CRITICAL - 2021-11-21 21:48:24 --> syntax error, unexpected 'echo' (T_ECHO)
#0 C:\newproject\non-project\ci4 testing\system\View\View.php(217): CodeIgniter\View\View->CodeIgniter\View\{closure}()
#1 C:\newproject\non-project\ci4 testing\system\Common.php(1097): CodeIgniter\View\View->render()
#2 C:\newproject\non-project\ci4 testing\app\Controllers\Json.php(10): view()
#3 C:\newproject\non-project\ci4 testing\system\CodeIgniter.php(824): App\Controllers\Json->index()
#4 C:\newproject\non-project\ci4 testing\system\CodeIgniter.php(410): CodeIgniter\CodeIgniter->runController()
#5 C:\newproject\non-project\ci4 testing\system\CodeIgniter.php(318): CodeIgniter\CodeIgniter->handleRequest()
#6 C:\newproject\non-project\ci4 testing\public\index.php(37): CodeIgniter\CodeIgniter->run()
#7 C:\newproject\non-project\ci4 testing\system\Commands\Server\rewrite.php(43): require_once('C:\\newproject\\n...')
#8 {main}
CRITICAL - 2021-11-21 21:55:15 --> syntax error, unexpected 'as' (T_AS), expecting ';'
#0 C:\newproject\non-project\ci4 testing\system\View\View.php(217): CodeIgniter\View\View->CodeIgniter\View\{closure}()
#1 C:\newproject\non-project\ci4 testing\system\Common.php(1097): CodeIgniter\View\View->render()
#2 C:\newproject\non-project\ci4 testing\app\Controllers\Json.php(10): view()
#3 C:\newproject\non-project\ci4 testing\system\CodeIgniter.php(824): App\Controllers\Json->index()
#4 C:\newproject\non-project\ci4 testing\system\CodeIgniter.php(410): CodeIgniter\CodeIgniter->runController()
#5 C:\newproject\non-project\ci4 testing\system\CodeIgniter.php(318): CodeIgniter\CodeIgniter->handleRequest()
#6 C:\newproject\non-project\ci4 testing\public\index.php(37): CodeIgniter\CodeIgniter->run()
#7 C:\newproject\non-project\ci4 testing\system\Commands\Server\rewrite.php(43): require_once('C:\\newproject\\n...')
#8 {main}
CRITICAL - 2021-11-21 21:55:19 --> syntax error, unexpected 'as' (T_AS), expecting ';'
#0 C:\newproject\non-project\ci4 testing\system\View\View.php(217): CodeIgniter\View\View->CodeIgniter\View\{closure}()
#1 C:\newproject\non-project\ci4 testing\system\Common.php(1097): CodeIgniter\View\View->render()
#2 C:\newproject\non-project\ci4 testing\app\Controllers\Json.php(10): view()
#3 C:\newproject\non-project\ci4 testing\system\CodeIgniter.php(824): App\Controllers\Json->index()
#4 C:\newproject\non-project\ci4 testing\system\CodeIgniter.php(410): CodeIgniter\CodeIgniter->runController()
#5 C:\newproject\non-project\ci4 testing\system\CodeIgniter.php(318): CodeIgniter\CodeIgniter->handleRequest()
#6 C:\newproject\non-project\ci4 testing\public\index.php(37): CodeIgniter\CodeIgniter->run()
#7 C:\newproject\non-project\ci4 testing\system\Commands\Server\rewrite.php(43): require_once('C:\\newproject\\n...')
#8 {main}
CRITICAL - 2021-11-21 21:55:29 --> syntax error, unexpected 'as' (T_AS), expecting ';'
#0 C:\newproject\non-project\ci4 testing\system\View\View.php(217): CodeIgniter\View\View->CodeIgniter\View\{closure}()
#1 C:\newproject\non-project\ci4 testing\system\Common.php(1097): CodeIgniter\View\View->render()
#2 C:\newproject\non-project\ci4 testing\app\Controllers\Json.php(10): view()
#3 C:\newproject\non-project\ci4 testing\system\CodeIgniter.php(824): App\Controllers\Json->index()
#4 C:\newproject\non-project\ci4 testing\system\CodeIgniter.php(410): CodeIgniter\CodeIgniter->runController()
#5 C:\newproject\non-project\ci4 testing\system\CodeIgniter.php(318): CodeIgniter\CodeIgniter->handleRequest()
#6 C:\newproject\non-project\ci4 testing\public\index.php(37): CodeIgniter\CodeIgniter->run()
#7 C:\newproject\non-project\ci4 testing\system\Commands\Server\rewrite.php(43): require_once('C:\\newproject\\n...')
#8 {main}
CRITICAL - 2021-11-21 21:55:38 --> syntax error, unexpected 'as' (T_AS), expecting ';'
#0 C:\newproject\non-project\ci4 testing\system\View\View.php(217): CodeIgniter\View\View->CodeIgniter\View\{closure}()
#1 C:\newproject\non-project\ci4 testing\system\Common.php(1097): CodeIgniter\View\View->render()
#2 C:\newproject\non-project\ci4 testing\app\Controllers\Json.php(10): view()
#3 C:\newproject\non-project\ci4 testing\system\CodeIgniter.php(824): App\Controllers\Json->index()
#4 C:\newproject\non-project\ci4 testing\system\CodeIgniter.php(410): CodeIgniter\CodeIgniter->runController()
#5 C:\newproject\non-project\ci4 testing\system\CodeIgniter.php(318): CodeIgniter\CodeIgniter->handleRequest()
#6 C:\newproject\non-project\ci4 testing\public\index.php(37): CodeIgniter\CodeIgniter->run()
#7 C:\newproject\non-project\ci4 testing\system\Commands\Server\rewrite.php(43): require_once('C:\\newproject\\n...')
#8 {main}
CRITICAL - 2021-11-21 21:55:39 --> syntax error, unexpected 'as' (T_AS), expecting ';'
#0 C:\newproject\non-project\ci4 testing\system\View\View.php(217): CodeIgniter\View\View->CodeIgniter\View\{closure}()
#1 C:\newproject\non-project\ci4 testing\system\Common.php(1097): CodeIgniter\View\View->render()
#2 C:\newproject\non-project\ci4 testing\app\Controllers\Json.php(10): view()
#3 C:\newproject\non-project\ci4 testing\system\CodeIgniter.php(824): App\Controllers\Json->index()
#4 C:\newproject\non-project\ci4 testing\system\CodeIgniter.php(410): CodeIgniter\CodeIgniter->runController()
#5 C:\newproject\non-project\ci4 testing\system\CodeIgniter.php(318): CodeIgniter\CodeIgniter->handleRequest()
#6 C:\newproject\non-project\ci4 testing\public\index.php(37): CodeIgniter\CodeIgniter->run()
#7 C:\newproject\non-project\ci4 testing\system\Commands\Server\rewrite.php(43): require_once('C:\\newproject\\n...')
#8 {main}
CRITICAL - 2021-11-21 21:55:40 --> syntax error, unexpected 'as' (T_AS), expecting ';'
#0 C:\newproject\non-project\ci4 testing\system\View\View.php(217): CodeIgniter\View\View->CodeIgniter\View\{closure}()
#1 C:\newproject\non-project\ci4 testing\system\Common.php(1097): CodeIgniter\View\View->render()
#2 C:\newproject\non-project\ci4 testing\app\Controllers\Json.php(10): view()
#3 C:\newproject\non-project\ci4 testing\system\CodeIgniter.php(824): App\Controllers\Json->index()
#4 C:\newproject\non-project\ci4 testing\system\CodeIgniter.php(410): CodeIgniter\CodeIgniter->runController()
#5 C:\newproject\non-project\ci4 testing\system\CodeIgniter.php(318): CodeIgniter\CodeIgniter->handleRequest()
#6 C:\newproject\non-project\ci4 testing\public\index.php(37): CodeIgniter\CodeIgniter->run()
#7 C:\newproject\non-project\ci4 testing\system\Commands\Server\rewrite.php(43): require_once('C:\\newproject\\n...')
#8 {main}
CRITICAL - 2021-11-21 22:53:36 --> Class 'App\Controllers\CI_Controller' not found
#0 C:\newproject\non-project\ci4 testing\system\Autoloader\Autoloader.php(264): include_once()
#1 C:\newproject\non-project\ci4 testing\system\Autoloader\Autoloader.php(241): CodeIgniter\Autoloader\Autoloader->includeFile()
#2 C:\newproject\non-project\ci4 testing\system\Autoloader\Autoloader.php(219): CodeIgniter\Autoloader\Autoloader->loadInNamespace()
#3 [internal function]: CodeIgniter\Autoloader\Autoloader->loadClass()
#4 [internal function]: spl_autoload_call()
#5 C:\newproject\non-project\ci4 testing\system\CodeIgniter.php(789): class_exists()
#6 C:\newproject\non-project\ci4 testing\system\CodeIgniter.php(397): CodeIgniter\CodeIgniter->startController()
#7 C:\newproject\non-project\ci4 testing\system\CodeIgniter.php(318): CodeIgniter\CodeIgniter->handleRequest()
#8 C:\newproject\non-project\ci4 testing\public\index.php(37): CodeIgniter\CodeIgniter->run()
#9 C:\newproject\non-project\ci4 testing\system\Commands\Server\rewrite.php(43): require_once('C:\\newproject\\n...')
#10 {main}
